Flow report for HalfAdder
Tue Feb 16 23:37:36 2021
Quartus Prime Version 18.1.0 Build 625 09/12/2018 SJ Lite Edition


---------------------
; Table of Contents ;
---------------------
  1. Legal Notice
  2. Flow Summary
  3. Flow Settings
  4. Flow Non-Default Global Settings
  5. Flow Elapsed Time
  6. Flow OS Summary
  7. Flow Log
  8. Flow Messages
  9. Flow Suppressed Messages



----------------
; Legal Notice ;
----------------
Copyright (C) 2018  Intel Corporation. All rights reserved.
Your use of Intel Corporation's design tools, logic functions 
and other software and tools, and its AMPP partner logic 
functions, and any output files from any of the foregoing 
(including device programming or simulation files), and any 
associated documentation or information are expressly subject 
to the terms and conditions of the Intel Program License 
Subscription Agreement, the Intel Quartus Prime License Agreement,
the Intel FPGA IP License Agreement, or other applicable license
agreement, including, without limitation, that your use is for
the sole purpose of programming logic devices manufactured by
Intel and sold by Intel or its authorized distributors.  Please
refer to the applicable agreement for further details.



+----------------------------------------------------------------------------------+
; Flow Summary                                                                     ;
+------------------------------------+---------------------------------------------+
; Flow Status                        ; Successful - Tue Feb 16 23:37:36 2021       ;
; Quartus Prime Version              ; 18.1.0 Build 625 09/12/2018 SJ Lite Edition ;
; Revision Name                      ; HalfAdder                                   ;
; Top-level Entity Name              ; HalfAdder                                   ;
; Family                             ; MAX 10                                      ;
; Device                             ; 10M50DAF484C6GES                            ;
; Timing Models                      ; Preliminary                                 ;
; Total logic elements               ; 3 / 49,760 ( < 1 % )                        ;
;     Total combinational functions  ; 3 / 49,760 ( < 1 % )                        ;
;     Dedicated logic registers      ; 0 / 49,760 ( 0 % )                          ;
; Total registers                    ; 0                                           ;
; Total pins                         ; 4 / 360 ( 1 % )                             ;
; Total virtual pins                 ; 0                                           ;
; Total memory bits                  ; 0 / 1,677,312 ( 0 % )                       ;
; Embedded Multiplier 9-bit elements ; 0 / 288 ( 0 % )                             ;
; Total PLLs                         ; 0 / 4 ( 0 % )                               ;
; UFM blocks                         ; 0 / 1 ( 0 % )                               ;
; ADC blocks                         ; 0 / 2 ( 0 % )                               ;
+------------------------------------+---------------------------------------------+


+-----------------------------------------+
; Flow Settings                           ;
+-------------------+---------------------+
; Option            ; Setting             ;
+-------------------+---------------------+
; Start date & time ; 02/16/2021 23:34:41 ;
; Main task         ; Compilation         ;
; Revision Name     ; HalfAdder           ;
+-------------------+---------------------+


+-------------------------------------------------------------------------------------------------------------------------+
; Flow Non-Default Global Settings                                                                                        ;
+-------------------------------------+----------------------------------------+---------------+-------------+------------+
; Assignment Name                     ; Value                                  ; Default Value ; Entity Name ; Section Id ;
+-------------------------------------+----------------------------------------+---------------+-------------+------------+
; COMPILER_SIGNATURE_ID               ; 193569108324679.161354008105248        ; --            ; --          ; --         ;
; MAX_CORE_JUNCTION_TEMP              ; 85                                     ; --            ; --          ; --         ;
; MIN_CORE_JUNCTION_TEMP              ; 0                                      ; --            ; --          ; --         ;
; PARTITION_COLOR                     ; -- (Not supported for targeted family) ; --            ; --          ; Top        ;
; PARTITION_FITTER_PRESERVATION_LEVEL ; -- (Not supported for targeted family) ; --            ; --          ; Top        ;
; PARTITION_NETLIST_TYPE              ; -- (Not supported for targeted family) ; --            ; --          ; Top        ;
; PROJECT_OUTPUT_DIRECTORY            ; output_files                           ; --            ; --          ; --         ;
+-------------------------------------+----------------------------------------+---------------+-------------+------------+


+--------------------------------------------------------------------------------------------------------------------------+
; Flow Elapsed Time                                                                                                        ;
+----------------------+--------------+-------------------------+---------------------+------------------------------------+
; Module Name          ; Elapsed Time ; Average Processors Used ; Peak Virtual Memory ; Total CPU Time (on all processors) ;
+----------------------+--------------+-------------------------+---------------------+------------------------------------+
; Analysis & Synthesis ; 00:00:14     ; 1.0                     ; 4784 MB             ; 00:00:28                           ;
; Fitter               ; 00:00:06     ; 1.0                     ; 5632 MB             ; 00:00:10                           ;
; Assembler            ; 00:00:03     ; 1.0                     ; 4678 MB             ; 00:00:04                           ;
; Timing Analyzer      ; 00:00:04     ; 1.0                     ; 4812 MB             ; 00:00:03                           ;
; EDA Netlist Writer   ; 00:00:01     ; 1.0                     ; 4622 MB             ; 00:00:01                           ;
; EDA Netlist Writer   ; 00:00:01     ; 1.0                     ; 4632 MB             ; 00:00:01                           ;
; Total                ; 00:00:29     ; --                      ; --                  ; 00:00:47                           ;
+----------------------+--------------+-------------------------+---------------------+------------------------------------+


+------------------------------------------------------------------------------------+
; Flow OS Summary                                                                    ;
+----------------------+------------------+------------+------------+----------------+
; Module Name          ; Machine Hostname ; OS Name    ; OS Version ; Processor type ;
+----------------------+------------------+------------+------------+----------------+
; Analysis & Synthesis ; LAPTOP-QQ29E1B4  ; Windows 10 ; 10.0       ; x86_64         ;
; Fitter               ; LAPTOP-QQ29E1B4  ; Windows 10 ; 10.0       ; x86_64         ;
; Assembler            ; LAPTOP-QQ29E1B4  ; Windows 10 ; 10.0       ; x86_64         ;
; Timing Analyzer      ; LAPTOP-QQ29E1B4  ; Windows 10 ; 10.0       ; x86_64         ;
; EDA Netlist Writer   ; LAPTOP-QQ29E1B4  ; Windows 10 ; 10.0       ; x86_64         ;
; EDA Netlist Writer   ; LAPTOP-QQ29E1B4  ; Windows 10 ; 10.0       ; x86_64         ;
+----------------------+------------------+------------+------------+----------------+


------------
; Flow Log ;
------------
quartus_map --read_settings_files=on --write_settings_files=off HalfAdder -c HalfAdder
quartus_fit --read_settings_files=off --write_settings_files=off HalfAdder -c HalfAdder
quartus_asm --read_settings_files=off --write_settings_files=off HalfAdder -c HalfAdder
quartus_sta HalfAdder -c HalfAdder
quartus_eda --gen_testbench --tool=modelsim_oem --format=vhdl --write_settings_files=off HalfAdder -c HalfAdder --vector_source="C:/Users/pazos/Documents/Vida Universitaria/IRSD Carrera Tec/4 semestre/Diseno con logica programable/HalfAdder/HalfAdder.vwf" --testbench_file="C:/Users/pazos/Documents/Vida Universitaria/IRSD Carrera Tec/4 semestre/Diseno con logica programable/HalfAdder/simulation/qsim/HalfAdder.vwf.vht"
quartus_eda --write_settings_files=off --simulation=on --functional=on --flatten_buses=off --tool=modelsim_oem --format=vhdl --output_directory="C:/Users/pazos/Documents/Vida Universitaria/IRSD Carrera Tec/4 semestre/Diseno con logica programable/HalfAdder/simulation/qsim/" HalfAdder -c HalfAdder



