Analysis & Synthesis report for RGBpong
Sun Mar 07 21:00:35 2021
Quartus Prime Version 18.1.0 Build 625 09/12/2018 SJ Lite Edition


---------------------
; Table of Contents ;
---------------------
  1. Legal Notice
  2. Analysis & Synthesis Summary
  3. Analysis & Synthesis Settings
  4. Parallel Compilation
  5. Analysis & Synthesis Source Files Read
  6. Analysis & Synthesis Resource Usage Summary
  7. Analysis & Synthesis Resource Utilization by Entity
  8. State Machine - |RGBpong|EDO_Y
  9. State Machine - |RGBpong|EDO_X
 10. State Machine - |RGBpong|SyncVGA800x525:SYNC|EDO_Y
 11. State Machine - |RGBpong|SyncVGA800x525:SYNC|EDO_X
 12. User-Specified and Inferred Latches
 13. Registers Removed During Synthesis
 14. General Register Statistics
 15. Port Connectivity Checks: "SyncVGA800x525:SYNC|ContadorMod525:I1"
 16. Port Connectivity Checks: "SyncVGA800x525:SYNC|ContadorMod800:I0|Contador10b:I0|MasUno10b:I0|HalfAdder:I0"
 17. Port Connectivity Checks: "SyncVGA800x525:SYNC|ContadorMod800:I0|Contador10b:I0"
 18. Post-Synthesis Netlist Statistics for Top Partition
 19. Elapsed Time Per Partition
 20. Analysis & Synthesis Messages



----------------
; Legal Notice ;
----------------
Copyright (C) 2018  Intel Corporation. All rights reserved.
Your use of Intel Corporation's design tools, logic functions 
and other software and tools, and its AMPP partner logic 
functions, and any output files from any of the foregoing 
(including device programming or simulation files), and any 
associated documentation or information are expressly subject 
to the terms and conditions of the Intel Program License 
Subscription Agreement, the Intel Quartus Prime License Agreement,
the Intel FPGA IP License Agreement, or other applicable license
agreement, including, without limitation, that your use is for
the sole purpose of programming logic devices manufactured by
Intel and sold by Intel or its authorized distributors.  Please
refer to the applicable agreement for further details.



+----------------------------------------------------------------------------------+
; Analysis & Synthesis Summary                                                     ;
+------------------------------------+---------------------------------------------+
; Analysis & Synthesis Status        ; Successful - Sun Mar 07 21:00:35 2021       ;
; Quartus Prime Version              ; 18.1.0 Build 625 09/12/2018 SJ Lite Edition ;
; Revision Name                      ; RGBpong                                     ;
; Top-level Entity Name              ; RGBpong                                     ;
; Family                             ; MAX 10                                      ;
; Total logic elements               ; 313                                         ;
;     Total combinational functions  ; 313                                         ;
;     Dedicated logic registers      ; 31                                          ;
; Total registers                    ; 31                                          ;
; Total pins                         ; 21                                          ;
; Total virtual pins                 ; 0                                           ;
; Total memory bits                  ; 0                                           ;
; Embedded Multiplier 9-bit elements ; 0                                           ;
; Total PLLs                         ; 0                                           ;
; UFM blocks                         ; 0                                           ;
; ADC blocks                         ; 0                                           ;
+------------------------------------+---------------------------------------------+


+------------------------------------------------------------------------------------------------------------+
; Analysis & Synthesis Settings                                                                              ;
+------------------------------------------------------------------+--------------------+--------------------+
; Option                                                           ; Setting            ; Default Value      ;
+------------------------------------------------------------------+--------------------+--------------------+
; Device                                                           ; 10M50DAF484C6GES   ;                    ;
; Top-level entity name                                            ; RGBpong            ; RGBpong            ;
; Family name                                                      ; MAX 10             ; Cyclone V          ;
; Use smart compilation                                            ; Off                ; Off                ;
; Enable parallel Assembler and Timing Analyzer during compilation ; On                 ; On                 ;
; Enable compact report table                                      ; Off                ; Off                ;
; Restructure Multiplexers                                         ; Auto               ; Auto               ;
; Create Debugging Nodes for IP Cores                              ; Off                ; Off                ;
; Preserve fewer node names                                        ; On                 ; On                 ;
; Intel FPGA IP Evaluation Mode                                    ; Enable             ; Enable             ;
; Verilog Version                                                  ; Verilog_2001       ; Verilog_2001       ;
; VHDL Version                                                     ; VHDL_1993          ; VHDL_1993          ;
; State Machine Processing                                         ; Auto               ; Auto               ;
; Safe State Machine                                               ; Off                ; Off                ;
; Extract Verilog State Machines                                   ; On                 ; On                 ;
; Extract VHDL State Machines                                      ; On                 ; On                 ;
; Ignore Verilog initial constructs                                ; Off                ; Off                ;
; Iteration limit for constant Verilog loops                       ; 5000               ; 5000               ;
; Iteration limit for non-constant Verilog loops                   ; 250                ; 250                ;
; Add Pass-Through Logic to Inferred RAMs                          ; On                 ; On                 ;
; Infer RAMs from Raw Logic                                        ; On                 ; On                 ;
; Parallel Synthesis                                               ; On                 ; On                 ;
; DSP Block Balancing                                              ; Auto               ; Auto               ;
; NOT Gate Push-Back                                               ; On                 ; On                 ;
; Power-Up Don't Care                                              ; On                 ; On                 ;
; Remove Redundant Logic Cells                                     ; Off                ; Off                ;
; Remove Duplicate Registers                                       ; On                 ; On                 ;
; Ignore CARRY Buffers                                             ; Off                ; Off                ;
; Ignore CASCADE Buffers                                           ; Off                ; Off                ;
; Ignore GLOBAL Buffers                                            ; Off                ; Off                ;
; Ignore ROW GLOBAL Buffers                                        ; Off                ; Off                ;
; Ignore LCELL Buffers                                             ; Off                ; Off                ;
; Ignore SOFT Buffers                                              ; On                 ; On                 ;
; Limit AHDL Integers to 32 Bits                                   ; Off                ; Off                ;
; Optimization Technique                                           ; Balanced           ; Balanced           ;
; Carry Chain Length                                               ; 70                 ; 70                 ;
; Auto Carry Chains                                                ; On                 ; On                 ;
; Auto Open-Drain Pins                                             ; On                 ; On                 ;
; Perform WYSIWYG Primitive Resynthesis                            ; Off                ; Off                ;
; Auto ROM Replacement                                             ; On                 ; On                 ;
; Auto RAM Replacement                                             ; On                 ; On                 ;
; Auto DSP Block Replacement                                       ; On                 ; On                 ;
; Auto Shift Register Replacement                                  ; Auto               ; Auto               ;
; Allow Shift Register Merging across Hierarchies                  ; Auto               ; Auto               ;
; Auto Clock Enable Replacement                                    ; On                 ; On                 ;
; Strict RAM Replacement                                           ; Off                ; Off                ;
; Allow Synchronous Control Signals                                ; On                 ; On                 ;
; Force Use of Synchronous Clear Signals                           ; Off                ; Off                ;
; Auto RAM Block Balancing                                         ; On                 ; On                 ;
; Auto RAM to Logic Cell Conversion                                ; Off                ; Off                ;
; Auto Resource Sharing                                            ; Off                ; Off                ;
; Allow Any RAM Size For Recognition                               ; Off                ; Off                ;
; Allow Any ROM Size For Recognition                               ; Off                ; Off                ;
; Allow Any Shift Register Size For Recognition                    ; Off                ; Off                ;
; Use LogicLock Constraints during Resource Balancing              ; On                 ; On                 ;
; Ignore translate_off and synthesis_off directives                ; Off                ; Off                ;
; Timing-Driven Synthesis                                          ; On                 ; On                 ;
; Report Parameter Settings                                        ; On                 ; On                 ;
; Report Source Assignments                                        ; On                 ; On                 ;
; Report Connectivity Checks                                       ; On                 ; On                 ;
; Ignore Maximum Fan-Out Assignments                               ; Off                ; Off                ;
; Synchronization Register Chain Length                            ; 2                  ; 2                  ;
; Power Optimization During Synthesis                              ; Normal compilation ; Normal compilation ;
; HDL message level                                                ; Level2             ; Level2             ;
; Suppress Register Optimization Related Messages                  ; Off                ; Off                ;
; Number of Removed Registers Reported in Synthesis Report         ; 5000               ; 5000               ;
; Number of Swept Nodes Reported in Synthesis Report               ; 5000               ; 5000               ;
; Number of Inverted Registers Reported in Synthesis Report        ; 100                ; 100                ;
; Clock MUX Protection                                             ; On                 ; On                 ;
; Auto Gated Clock Conversion                                      ; Off                ; Off                ;
; Block Design Naming                                              ; Auto               ; Auto               ;
; SDC constraint protection                                        ; Off                ; Off                ;
; Synthesis Effort                                                 ; Auto               ; Auto               ;
; Shift Register Replacement - Allow Asynchronous Clear Signal     ; On                 ; On                 ;
; Pre-Mapping Resynthesis Optimization                             ; Off                ; Off                ;
; Analysis & Synthesis Message Level                               ; Medium             ; Medium             ;
; Disable Register Merging Across Hierarchies                      ; Auto               ; Auto               ;
; Resource Aware Inference For Block RAM                           ; On                 ; On                 ;
+------------------------------------------------------------------+--------------------+--------------------+


+------------------------------------------+
; Parallel Compilation                     ;
+----------------------------+-------------+
; Processors                 ; Number      ;
+----------------------------+-------------+
; Number detected on machine ; 8           ;
; Maximum allowed            ; 4           ;
;                            ;             ;
; Average used               ; 1.00        ;
; Maximum used               ; 4           ;
;                            ;             ;
; Usage by Processor         ; % Time Used ;
;     Processor 1            ; 100.0%      ;
;     Processor 2            ;   0.0%      ;
;     Processors 3-4         ;   0.0%      ;
+----------------------------+-------------+


+------------------------------------------------------------------------------------------------------------------------------------------------------------------------------------------------------------------------------+
; Analysis & Synthesis Source Files Read                                                                                                                                                                                       ;
+--------------------------------------+-----------------+-----------------+-----------------------------------------------------------------------------------------------------------------------------------------+---------+
; File Name with User-Entered Path     ; Used in Netlist ; File Type       ; File Name with Absolute Path                                                                                                            ; Library ;
+--------------------------------------+-----------------+-----------------+-----------------------------------------------------------------------------------------------------------------------------------------+---------+
; ../SyncVGA800x525/SyncVGA800x525.vhd ; yes             ; User VHDL File  ; C:/Users/pazos/Documents/Vida Universitaria/IRSD Carrera Tec/4 semestre/Diseno con logica programable/SyncVGA800x525/SyncVGA800x525.vhd ;         ;
; ../MasUno10b/MasUno10b.vhd           ; yes             ; User VHDL File  ; C:/Users/pazos/Documents/Vida Universitaria/IRSD Carrera Tec/4 semestre/Diseno con logica programable/MasUno10b/MasUno10b.vhd           ;         ;
; ../HalfAdder/HalfAdder.vhd           ; yes             ; User VHDL File  ; C:/Users/pazos/Documents/Vida Universitaria/IRSD Carrera Tec/4 semestre/Diseno con logica programable/HalfAdder/HalfAdder.vhd           ;         ;
; ../ContadorMod800/ContadorMod800.vhd ; yes             ; User VHDL File  ; C:/Users/pazos/Documents/Vida Universitaria/IRSD Carrera Tec/4 semestre/Diseno con logica programable/ContadorMod800/ContadorMod800.vhd ;         ;
; ../ContadorMod525/ContadorMod525.vhd ; yes             ; User VHDL File  ; C:/Users/pazos/Documents/Vida Universitaria/IRSD Carrera Tec/4 semestre/Diseno con logica programable/ContadorMod525/ContadorMod525.vhd ;         ;
; ../Contador10b/Contador10b.vhd       ; yes             ; User VHDL File  ; C:/Users/pazos/Documents/Vida Universitaria/IRSD Carrera Tec/4 semestre/Diseno con logica programable/Contador10b/Contador10b.vhd       ;         ;
; RGBpong.vhd                          ; yes             ; User VHDL File  ; C:/Users/pazos/Documents/Vida Universitaria/IRSD Carrera Tec/4 semestre/Diseno con logica programable/RGBpong/RGBpong.vhd               ;         ;
+--------------------------------------+-----------------+-----------------+-----------------------------------------------------------------------------------------------------------------------------------------+---------+


+---------------------------------------------------------+
; Analysis & Synthesis Resource Usage Summary             ;
+---------------------------------------------+-----------+
; Resource                                    ; Usage     ;
+---------------------------------------------+-----------+
; Estimated Total logic elements              ; 313       ;
;                                             ;           ;
; Total combinational functions               ; 313       ;
; Logic element usage by number of LUT inputs ;           ;
;     -- 4 input functions                    ; 77        ;
;     -- 3 input functions                    ; 145       ;
;     -- <=2 input functions                  ; 91        ;
;                                             ;           ;
; Logic elements by mode                      ;           ;
;     -- normal mode                          ; 207       ;
;     -- arithmetic mode                      ; 106       ;
;                                             ;           ;
; Total registers                             ; 31        ;
;     -- Dedicated logic registers            ; 31        ;
;     -- I/O registers                        ; 0         ;
;                                             ;           ;
; I/O pins                                    ; 21        ;
;                                             ;           ;
; Embedded Multiplier 9-bit elements          ; 0         ;
;                                             ;           ;
; Maximum fan-out node                        ; CLK~input ;
; Maximum fan-out                             ; 31        ;
; Total fan-out                               ; 1043      ;
; Average fan-out                             ; 2.70      ;
+---------------------------------------------+-----------+


+--------------------------------------------------------------------------------------------------------------------------------------------------------------------------------------------------------------------------------------------------------------------------------------------------------------+
; Analysis & Synthesis Resource Utilization by Entity                                                                                                                                                                                                                                                          ;
+-------------------------------+---------------------+---------------------------+-------------+------------+--------------+---------+-----------+------+--------------+------------+-----------------------------------------------------------------------------------------+----------------+--------------+
; Compilation Hierarchy Node    ; Combinational ALUTs ; Dedicated Logic Registers ; Memory Bits ; UFM Blocks ; DSP Elements ; DSP 9x9 ; DSP 18x18 ; Pins ; Virtual Pins ; ADC blocks ; Full Hierarchy Name                                                                     ; Entity Name    ; Library Name ;
+-------------------------------+---------------------+---------------------------+-------------+------------+--------------+---------+-----------+------+--------------+------------+-----------------------------------------------------------------------------------------+----------------+--------------+
; |RGBpong                      ; 313 (268)           ; 31 (7)                    ; 0           ; 0          ; 0            ; 0       ; 0         ; 21   ; 0            ; 0          ; |RGBpong                                                                                ; RGBpong        ; work         ;
;    |SyncVGA800x525:SYNC|      ; 45 (17)             ; 24 (4)                    ; 0           ; 0          ; 0            ; 0       ; 0         ; 0    ; 0            ; 0          ; |RGBpong|SyncVGA800x525:SYNC                                                            ; SyncVGA800x525 ; work         ;
;       |ContadorMod525:I1|     ; 15 (14)             ; 10 (10)                   ; 0           ; 0          ; 0            ; 0       ; 0         ; 0    ; 0            ; 0          ; |RGBpong|SyncVGA800x525:SYNC|ContadorMod525:I1                                          ; ContadorMod525 ; work         ;
;          |MasUno10b:I0|       ; 1 (0)               ; 0 (0)                     ; 0           ; 0          ; 0            ; 0       ; 0         ; 0    ; 0            ; 0          ; |RGBpong|SyncVGA800x525:SYNC|ContadorMod525:I1|MasUno10b:I0                             ; MasUno10b      ; work         ;
;             |HalfAdder:I7|    ; 1 (1)               ; 0 (0)                     ; 0           ; 0          ; 0            ; 0       ; 0         ; 0    ; 0            ; 0          ; |RGBpong|SyncVGA800x525:SYNC|ContadorMod525:I1|MasUno10b:I0|HalfAdder:I7                ; HalfAdder      ; work         ;
;       |ContadorMod800:I0|     ; 13 (1)              ; 10 (0)                    ; 0           ; 0          ; 0            ; 0       ; 0         ; 0    ; 0            ; 0          ; |RGBpong|SyncVGA800x525:SYNC|ContadorMod800:I0                                          ; ContadorMod800 ; work         ;
;          |Contador10b:I0|     ; 12 (10)             ; 10 (10)                   ; 0           ; 0          ; 0            ; 0       ; 0         ; 0    ; 0            ; 0          ; |RGBpong|SyncVGA800x525:SYNC|ContadorMod800:I0|Contador10b:I0                           ; Contador10b    ; work         ;
;             |MasUno10b:I0|    ; 2 (0)               ; 0 (0)                     ; 0           ; 0          ; 0            ; 0       ; 0         ; 0    ; 0            ; 0          ; |RGBpong|SyncVGA800x525:SYNC|ContadorMod800:I0|Contador10b:I0|MasUno10b:I0              ; MasUno10b      ; work         ;
;                |HalfAdder:I5| ; 1 (1)               ; 0 (0)                     ; 0           ; 0          ; 0            ; 0       ; 0         ; 0    ; 0            ; 0          ; |RGBpong|SyncVGA800x525:SYNC|ContadorMod800:I0|Contador10b:I0|MasUno10b:I0|HalfAdder:I5 ; HalfAdder      ; work         ;
;                |HalfAdder:I8| ; 1 (1)               ; 0 (0)                     ; 0           ; 0          ; 0            ; 0       ; 0         ; 0    ; 0            ; 0          ; |RGBpong|SyncVGA800x525:SYNC|ContadorMod800:I0|Contador10b:I0|MasUno10b:I0|HalfAdder:I8 ; HalfAdder      ; work         ;
+-------------------------------+---------------------+---------------------------+-------------+------------+--------------+---------+-----------+------+--------------+------------+-----------------------------------------------------------------------------------------+----------------+--------------+
Note: For table entries with two numbers listed, the numbers in parentheses indicate the number of resources of the given type used by the specific entity alone. The numbers listed outside of parentheses indicate the total resources of the given type used by the specific entity and all of its sub-entities in the hierarchy.


Encoding Type:  One-Hot
+-------------------------------------------------------------------------------------------------+
; State Machine - |RGBpong|EDO_Y                                                                  ;
+---------------------+---------------------+-----------------+--------------------+--------------+
; Name                ; EDO_Y.FRONT_PORCH_Y ; EDO_Y.VISIBLE_Y ; EDO_Y.BACK_PORCH_Y ; EDO_Y.IDLE_Y ;
+---------------------+---------------------+-----------------+--------------------+--------------+
; EDO_Y.IDLE_Y        ; 0                   ; 0               ; 0                  ; 0            ;
; EDO_Y.BACK_PORCH_Y  ; 0                   ; 0               ; 1                  ; 1            ;
; EDO_Y.VISIBLE_Y     ; 0                   ; 1               ; 0                  ; 1            ;
; EDO_Y.FRONT_PORCH_Y ; 1                   ; 0               ; 0                  ; 1            ;
+---------------------+---------------------+-----------------+--------------------+--------------+


Encoding Type:  One-Hot
+-------------------------------------------------------------------------------------------------+
; State Machine - |RGBpong|EDO_X                                                                  ;
+---------------------+---------------------+-----------------+--------------------+--------------+
; Name                ; EDO_X.FRONT_PORCH_X ; EDO_X.VISIBLE_X ; EDO_X.BACK_PORCH_X ; EDO_X.IDLE_X ;
+---------------------+---------------------+-----------------+--------------------+--------------+
; EDO_X.IDLE_X        ; 0                   ; 0               ; 0                  ; 0            ;
; EDO_X.BACK_PORCH_X  ; 0                   ; 0               ; 1                  ; 1            ;
; EDO_X.VISIBLE_X     ; 0                   ; 1               ; 0                  ; 1            ;
; EDO_X.FRONT_PORCH_X ; 1                   ; 0               ; 0                  ; 1            ;
+---------------------+---------------------+-----------------+--------------------+--------------+


Encoding Type:  One-Hot
+-----------------------------------------------------------------+
; State Machine - |RGBpong|SyncVGA800x525:SYNC|EDO_Y              ;
+----------------+----------------+----------------+--------------+
; Name           ; EDO_Y.E_BAJO_Y ; EDO_Y.E_ALTO_Y ; EDO_Y.IDLE_Y ;
+----------------+----------------+----------------+--------------+
; EDO_Y.IDLE_Y   ; 0              ; 0              ; 0            ;
; EDO_Y.E_ALTO_Y ; 0              ; 1              ; 1            ;
; EDO_Y.E_BAJO_Y ; 1              ; 0              ; 1            ;
+----------------+----------------+----------------+--------------+


Encoding Type:  One-Hot
+-----------------------------------------------------------------+
; State Machine - |RGBpong|SyncVGA800x525:SYNC|EDO_X              ;
+----------------+----------------+----------------+--------------+
; Name           ; EDO_X.E_BAJO_X ; EDO_X.E_ALTO_X ; EDO_X.IDLE_X ;
+----------------+----------------+----------------+--------------+
; EDO_X.IDLE_X   ; 0              ; 0              ; 0            ;
; EDO_X.E_ALTO_X ; 0              ; 1              ; 1            ;
; EDO_X.E_BAJO_X ; 1              ; 0              ; 1            ;
+----------------+----------------+----------------+--------------+


+------------------------------------------------------------------------------------------------------+
; User-Specified and Inferred Latches                                                                  ;
+-----------------------------------------------------+-----------------------+------------------------+
; Latch Name                                          ; Latch Enable Signal   ; Free of Timing Hazards ;
+-----------------------------------------------------+-----------------------+------------------------+
; R[0]$latch                                          ; GND                   ; yes                    ;
; R[1]$latch                                          ; GND                   ; yes                    ;
; R[2]$latch                                          ; GND                   ; yes                    ;
; G[0]$latch                                          ; GND                   ; yes                    ;
; G[1]$latch                                          ; GND                   ; yes                    ;
; G[2]$latch                                          ; GND                   ; yes                    ;
; G[3]$latch                                          ; GND                   ; yes                    ;
; B[0]$latch                                          ; GND                   ; yes                    ;
; B[1]$latch                                          ; GND                   ; yes                    ;
; B[2]$latch                                          ; GND                   ; yes                    ;
; B[3]$latch                                          ; GND                   ; yes                    ;
; \P7:LEFT_PADDLE_Y[9]                                ; \P7:LEFT_PADDLE_Y[0]  ; yes                    ;
; \P7:LEFT_PADDLE_Y[8]                                ; \P7:LEFT_PADDLE_Y[0]  ; yes                    ;
; \P7:LEFT_PADDLE_Y[7]                                ; \P7:LEFT_PADDLE_Y[0]  ; yes                    ;
; \P7:LEFT_PADDLE_Y[6]                                ; \P7:LEFT_PADDLE_Y[0]  ; yes                    ;
; \P7:LEFT_PADDLE_Y[5]                                ; \P7:LEFT_PADDLE_Y[0]  ; yes                    ;
; \P7:LEFT_PADDLE_Y[4]                                ; \P7:LEFT_PADDLE_Y[0]  ; yes                    ;
; \P7:LEFT_PADDLE_Y[3]                                ; \P7:LEFT_PADDLE_Y[0]  ; yes                    ;
; \P7:LEFT_PADDLE_Y[2]                                ; \P7:LEFT_PADDLE_Y[0]  ; yes                    ;
; \P7:LEFT_PADDLE_Y[1]                                ; \P7:LEFT_PADDLE_Y[0]  ; yes                    ;
; \P7:LEFT_PADDLE_Y[0]                                ; \P7:LEFT_PADDLE_Y[0]  ; yes                    ;
; \P7:RIGHT_PADDLE_Y[9]                               ; \P7:RIGHT_PADDLE_Y[0] ; yes                    ;
; \P7:RIGHT_PADDLE_Y[8]                               ; \P7:RIGHT_PADDLE_Y[0] ; yes                    ;
; \P7:RIGHT_PADDLE_Y[7]                               ; \P7:RIGHT_PADDLE_Y[0] ; yes                    ;
; \P7:RIGHT_PADDLE_Y[6]                               ; \P7:RIGHT_PADDLE_Y[0] ; yes                    ;
; \P7:RIGHT_PADDLE_Y[5]                               ; \P7:RIGHT_PADDLE_Y[0] ; yes                    ;
; \P7:RIGHT_PADDLE_Y[4]                               ; \P7:RIGHT_PADDLE_Y[0] ; yes                    ;
; \P7:RIGHT_PADDLE_Y[3]                               ; \P7:RIGHT_PADDLE_Y[0] ; yes                    ;
; \P7:RIGHT_PADDLE_Y[2]                               ; \P7:RIGHT_PADDLE_Y[0] ; yes                    ;
; \P7:RIGHT_PADDLE_Y[1]                               ; \P7:RIGHT_PADDLE_Y[0] ; yes                    ;
; \P7:RIGHT_PADDLE_Y[0]                               ; \P7:RIGHT_PADDLE_Y[0] ; yes                    ;
; Number of user-specified and inferred latches = 31  ;                       ;                        ;
+-----------------------------------------------------+-----------------------+------------------------+
Note: All latches listed above may not be present at the end of synthesis due to various synthesis optimizations.


+------------------------------------------------------------------+
; Registers Removed During Synthesis                               ;
+---------------------------------------+--------------------------+
; Register name                         ; Reason for Removal       ;
+---------------------------------------+--------------------------+
; EDO_Y.IDLE_Y                          ; Merged with EDO_X.IDLE_X ;
; SyncVGA800x525:SYNC|EDO_X.IDLE_X      ; Merged with EDO_X.IDLE_X ;
; SyncVGA800x525:SYNC|EDO_Y.IDLE_Y      ; Merged with EDO_X.IDLE_X ;
; Total Number of Removed Registers = 3 ;                          ;
+---------------------------------------+--------------------------+


+------------------------------------------------------+
; General Register Statistics                          ;
+----------------------------------------------+-------+
; Statistic                                    ; Value ;
+----------------------------------------------+-------+
; Total registers                              ; 31    ;
; Number of registers using Synchronous Clear  ; 0     ;
; Number of registers using Synchronous Load   ; 0     ;
; Number of registers using Asynchronous Clear ; 31    ;
; Number of registers using Asynchronous Load  ; 0     ;
; Number of registers using Clock Enable       ; 0     ;
; Number of registers using Preset             ; 0     ;
+----------------------------------------------+-------+


+----------------------------------------------------------------------------------------------------------------+
; Port Connectivity Checks: "SyncVGA800x525:SYNC|ContadorMod525:I1"                                              ;
+------+--------+----------+-------------------------------------------------------------------------------------+
; Port ; Type   ; Severity ; Details                                                                             ;
+------+--------+----------+-------------------------------------------------------------------------------------+
; cout ; Output ; Info     ; Connected to dangling logic. Logic that only feeds a dangling port will be removed. ;
+------+--------+----------+-------------------------------------------------------------------------------------+


+------------------------------------------------------------------------------------------------------------+
; Port Connectivity Checks: "SyncVGA800x525:SYNC|ContadorMod800:I0|Contador10b:I0|MasUno10b:I0|HalfAdder:I0" ;
+------+-------+----------+----------------------------------------------------------------------------------+
; Port ; Type  ; Severity ; Details                                                                          ;
+------+-------+----------+----------------------------------------------------------------------------------+
; b    ; Input ; Info     ; Stuck at VCC                                                                     ;
+------+-------+----------+----------------------------------------------------------------------------------+


+----------------------------------------------------------------------------------------------------------------+
; Port Connectivity Checks: "SyncVGA800x525:SYNC|ContadorMod800:I0|Contador10b:I0"                               ;
+------+--------+----------+-------------------------------------------------------------------------------------+
; Port ; Type   ; Severity ; Details                                                                             ;
+------+--------+----------+-------------------------------------------------------------------------------------+
; cout ; Output ; Info     ; Connected to dangling logic. Logic that only feeds a dangling port will be removed. ;
+------+--------+----------+-------------------------------------------------------------------------------------+


+-----------------------------------------------------+
; Post-Synthesis Netlist Statistics for Top Partition ;
+-----------------------+-----------------------------+
; Type                  ; Count                       ;
+-----------------------+-----------------------------+
; boundary_port         ; 21                          ;
; cycloneiii_ff         ; 31                          ;
;     CLR               ; 31                          ;
; cycloneiii_lcell_comb ; 314                         ;
;     arith             ; 106                         ;
;         2 data inputs ; 68                          ;
;         3 data inputs ; 38                          ;
;     normal            ; 208                         ;
;         0 data inputs ; 1                           ;
;         1 data inputs ; 9                           ;
;         2 data inputs ; 14                          ;
;         3 data inputs ; 107                         ;
;         4 data inputs ; 77                          ;
;                       ;                             ;
; Max LUT depth         ; 13.90                       ;
; Average LUT depth     ; 8.96                        ;
+-----------------------+-----------------------------+


+-------------------------------+
; Elapsed Time Per Partition    ;
+----------------+--------------+
; Partition Name ; Elapsed Time ;
+----------------+--------------+
; Top            ; 00:00:01     ;
+----------------+--------------+


+-------------------------------+
; Analysis & Synthesis Messages ;
+-------------------------------+
Info: *******************************************************************
Info: Running Quartus Prime Analysis & Synthesis
    Info: Version 18.1.0 Build 625 09/12/2018 SJ Lite Edition
    Info: Processing started: Sun Mar 07 21:00:15 2021
Info: Command: quartus_map --read_settings_files=on --write_settings_files=off RGBpong -c RGBpong
Warning (18236): Number of processors has not been specified which may cause overloading on shared machines.  Set the global assignment NUM_PARALLEL_PROCESSORS in your QSF to an appropriate value for best performance.
Info (20030): Parallel compilation is enabled and will use 4 of the 4 processors detected
Info (12021): Found 2 design units, including 1 entities, in source file /users/pazos/documents/vida universitaria/irsd carrera tec/4 semestre/diseno con logica programable/syncvga800x525/syncvga800x525.vhd
    Info (12022): Found design unit 1: SyncVGA800x525-ARC File: C:/Users/pazos/Documents/Vida Universitaria/IRSD Carrera Tec/4 semestre/Diseno con logica programable/SyncVGA800x525/SyncVGA800x525.vhd Line: 13
    Info (12023): Found entity 1: SyncVGA800x525 File: C:/Users/pazos/Documents/Vida Universitaria/IRSD Carrera Tec/4 semestre/Diseno con logica programable/SyncVGA800x525/SyncVGA800x525.vhd Line: 7
Info (12021): Found 2 design units, including 1 entities, in source file /users/pazos/documents/vida universitaria/irsd carrera tec/4 semestre/diseno con logica programable/masuno10b/masuno10b.vhd
    Info (12022): Found design unit 1: MasUno10b-ARC File: C:/Users/pazos/Documents/Vida Universitaria/IRSD Carrera Tec/4 semestre/Diseno con logica programable/MasUno10b/MasUno10b.vhd Line: 13
    Info (12023): Found entity 1: MasUno10b File: C:/Users/pazos/Documents/Vida Universitaria/IRSD Carrera Tec/4 semestre/Diseno con logica programable/MasUno10b/MasUno10b.vhd Line: 7
Info (12021): Found 2 design units, including 1 entities, in source file /users/pazos/documents/vida universitaria/irsd carrera tec/4 semestre/diseno con logica programable/halfadder/halfadder.vhd
    Info (12022): Found design unit 1: HalfAdder-ARC File: C:/Users/pazos/Documents/Vida Universitaria/IRSD Carrera Tec/4 semestre/Diseno con logica programable/HalfAdder/HalfAdder.vhd Line: 12
    Info (12023): Found entity 1: HalfAdder File: C:/Users/pazos/Documents/Vida Universitaria/IRSD Carrera Tec/4 semestre/Diseno con logica programable/HalfAdder/HalfAdder.vhd Line: 7
Info (12021): Found 2 design units, including 1 entities, in source file /users/pazos/documents/vida universitaria/irsd carrera tec/4 semestre/diseno con logica programable/contadormod800/contadormod800.vhd
    Info (12022): Found design unit 1: ContadorMod800-ARC File: C:/Users/pazos/Documents/Vida Universitaria/IRSD Carrera Tec/4 semestre/Diseno con logica programable/ContadorMod800/ContadorMod800.vhd Line: 13
    Info (12023): Found entity 1: ContadorMod800 File: C:/Users/pazos/Documents/Vida Universitaria/IRSD Carrera Tec/4 semestre/Diseno con logica programable/ContadorMod800/ContadorMod800.vhd Line: 7
Info (12021): Found 2 design units, including 1 entities, in source file /users/pazos/documents/vida universitaria/irsd carrera tec/4 semestre/diseno con logica programable/contadormod525/contadormod525.vhd
    Info (12022): Found design unit 1: ContadorMod525-ARC File: C:/Users/pazos/Documents/Vida Universitaria/IRSD Carrera Tec/4 semestre/Diseno con logica programable/ContadorMod525/ContadorMod525.vhd Line: 13
    Info (12023): Found entity 1: ContadorMod525 File: C:/Users/pazos/Documents/Vida Universitaria/IRSD Carrera Tec/4 semestre/Diseno con logica programable/ContadorMod525/ContadorMod525.vhd Line: 7
Info (12021): Found 2 design units, including 1 entities, in source file /users/pazos/documents/vida universitaria/irsd carrera tec/4 semestre/diseno con logica programable/contador10b/contador10b.vhd
    Info (12022): Found design unit 1: Contador10b-ARC File: C:/Users/pazos/Documents/Vida Universitaria/IRSD Carrera Tec/4 semestre/Diseno con logica programable/Contador10b/Contador10b.vhd Line: 14
    Info (12023): Found entity 1: Contador10b File: C:/Users/pazos/Documents/Vida Universitaria/IRSD Carrera Tec/4 semestre/Diseno con logica programable/Contador10b/Contador10b.vhd Line: 7
Info (12021): Found 2 design units, including 1 entities, in source file rgbpong.vhd
    Info (12022): Found design unit 1: RGBpong-ARC File: C:/Users/pazos/Documents/Vida Universitaria/IRSD Carrera Tec/4 semestre/Diseno con logica programable/RGBpong/RGBpong.vhd Line: 40
    Info (12023): Found entity 1: RGBpong File: C:/Users/pazos/Documents/Vida Universitaria/IRSD Carrera Tec/4 semestre/Diseno con logica programable/RGBpong/RGBpong.vhd Line: 31
Info (12127): Elaborating entity "RGBpong" for the top level hierarchy
Warning (10540): VHDL Signal Declaration warning at RGBpong.vhd(84): used explicit default value for signal "PADDLE_HEIGHT" because signal was never assigned a value File: C:/Users/pazos/Documents/Vida Universitaria/IRSD Carrera Tec/4 semestre/Diseno con logica programable/RGBpong/RGBpong.vhd Line: 84
Warning (10540): VHDL Signal Declaration warning at RGBpong.vhd(85): used explicit default value for signal "PADDLE_WIDTH" because signal was never assigned a value File: C:/Users/pazos/Documents/Vida Universitaria/IRSD Carrera Tec/4 semestre/Diseno con logica programable/RGBpong/RGBpong.vhd Line: 85
Warning (10492): VHDL Process Statement warning at RGBpong.vhd(248): signal "PAR_SWITCH1" is read inside the Process Statement but isn't in the Process Statement's sensitivity list File: C:/Users/pazos/Documents/Vida Universitaria/IRSD Carrera Tec/4 semestre/Diseno con logica programable/RGBpong/RGBpong.vhd Line: 248
Warning (10492): VHDL Process Statement warning at RGBpong.vhd(248): signal "PADDLE_HEIGHT" is read inside the Process Statement but isn't in the Process Statement's sensitivity list File: C:/Users/pazos/Documents/Vida Universitaria/IRSD Carrera Tec/4 semestre/Diseno con logica programable/RGBpong/RGBpong.vhd Line: 248
Warning (10492): VHDL Process Statement warning at RGBpong.vhd(251): signal "PAR_SWITCH1" is read inside the Process Statement but isn't in the Process Statement's sensitivity list File: C:/Users/pazos/Documents/Vida Universitaria/IRSD Carrera Tec/4 semestre/Diseno con logica programable/RGBpong/RGBpong.vhd Line: 251
Warning (10492): VHDL Process Statement warning at RGBpong.vhd(251): signal "PADDLE_HEIGHT" is read inside the Process Statement but isn't in the Process Statement's sensitivity list File: C:/Users/pazos/Documents/Vida Universitaria/IRSD Carrera Tec/4 semestre/Diseno con logica programable/RGBpong/RGBpong.vhd Line: 251
Warning (10492): VHDL Process Statement warning at RGBpong.vhd(256): signal "PAR_SWITCH2" is read inside the Process Statement but isn't in the Process Statement's sensitivity list File: C:/Users/pazos/Documents/Vida Universitaria/IRSD Carrera Tec/4 semestre/Diseno con logica programable/RGBpong/RGBpong.vhd Line: 256
Warning (10492): VHDL Process Statement warning at RGBpong.vhd(256): signal "PADDLE_HEIGHT" is read inside the Process Statement but isn't in the Process Statement's sensitivity list File: C:/Users/pazos/Documents/Vida Universitaria/IRSD Carrera Tec/4 semestre/Diseno con logica programable/RGBpong/RGBpong.vhd Line: 256
Warning (10492): VHDL Process Statement warning at RGBpong.vhd(259): signal "PAR_SWITCH2" is read inside the Process Statement but isn't in the Process Statement's sensitivity list File: C:/Users/pazos/Documents/Vida Universitaria/IRSD Carrera Tec/4 semestre/Diseno con logica programable/RGBpong/RGBpong.vhd Line: 259
Warning (10492): VHDL Process Statement warning at RGBpong.vhd(259): signal "PADDLE_HEIGHT" is read inside the Process Statement but isn't in the Process Statement's sensitivity list File: C:/Users/pazos/Documents/Vida Universitaria/IRSD Carrera Tec/4 semestre/Diseno con logica programable/RGBpong/RGBpong.vhd Line: 259
Warning (10492): VHDL Process Statement warning at RGBpong.vhd(273): signal "PADDLE_WIDTH" is read inside the Process Statement but isn't in the Process Statement's sensitivity list File: C:/Users/pazos/Documents/Vida Universitaria/IRSD Carrera Tec/4 semestre/Diseno con logica programable/RGBpong/RGBpong.vhd Line: 273
Warning (10492): VHDL Process Statement warning at RGBpong.vhd(274): signal "PADDLE_HEIGHT" is read inside the Process Statement but isn't in the Process Statement's sensitivity list File: C:/Users/pazos/Documents/Vida Universitaria/IRSD Carrera Tec/4 semestre/Diseno con logica programable/RGBpong/RGBpong.vhd Line: 274
Warning (10492): VHDL Process Statement warning at RGBpong.vhd(280): signal "PADDLE_WIDTH" is read inside the Process Statement but isn't in the Process Statement's sensitivity list File: C:/Users/pazos/Documents/Vida Universitaria/IRSD Carrera Tec/4 semestre/Diseno con logica programable/RGBpong/RGBpong.vhd Line: 280
Warning (10492): VHDL Process Statement warning at RGBpong.vhd(281): signal "PADDLE_HEIGHT" is read inside the Process Statement but isn't in the Process Statement's sensitivity list File: C:/Users/pazos/Documents/Vida Universitaria/IRSD Carrera Tec/4 semestre/Diseno con logica programable/RGBpong/RGBpong.vhd Line: 281
Warning (10631): VHDL Process Statement warning at RGBpong.vhd(232): inferring latch(es) for signal or variable "LEFT_PADDLE_Y", which holds its previous value in one or more paths through the process File: C:/Users/pazos/Documents/Vida Universitaria/IRSD Carrera Tec/4 semestre/Diseno con logica programable/RGBpong/RGBpong.vhd Line: 232
Warning (10631): VHDL Process Statement warning at RGBpong.vhd(232): inferring latch(es) for signal or variable "RIGHT_PADDLE_Y", which holds its previous value in one or more paths through the process File: C:/Users/pazos/Documents/Vida Universitaria/IRSD Carrera Tec/4 semestre/Diseno con logica programable/RGBpong/RGBpong.vhd Line: 232
Warning (10631): VHDL Process Statement warning at RGBpong.vhd(232): inferring latch(es) for signal or variable "R", which holds its previous value in one or more paths through the process File: C:/Users/pazos/Documents/Vida Universitaria/IRSD Carrera Tec/4 semestre/Diseno con logica programable/RGBpong/RGBpong.vhd Line: 232
Warning (10631): VHDL Process Statement warning at RGBpong.vhd(232): inferring latch(es) for signal or variable "G", which holds its previous value in one or more paths through the process File: C:/Users/pazos/Documents/Vida Universitaria/IRSD Carrera Tec/4 semestre/Diseno con logica programable/RGBpong/RGBpong.vhd Line: 232
Warning (10631): VHDL Process Statement warning at RGBpong.vhd(232): inferring latch(es) for signal or variable "B", which holds its previous value in one or more paths through the process File: C:/Users/pazos/Documents/Vida Universitaria/IRSD Carrera Tec/4 semestre/Diseno con logica programable/RGBpong/RGBpong.vhd Line: 232
Info (10041): Inferred latch for "B[0]" at RGBpong.vhd(232) File: C:/Users/pazos/Documents/Vida Universitaria/IRSD Carrera Tec/4 semestre/Diseno con logica programable/RGBpong/RGBpong.vhd Line: 232
Info (10041): Inferred latch for "B[1]" at RGBpong.vhd(232) File: C:/Users/pazos/Documents/Vida Universitaria/IRSD Carrera Tec/4 semestre/Diseno con logica programable/RGBpong/RGBpong.vhd Line: 232
Info (10041): Inferred latch for "B[2]" at RGBpong.vhd(232) File: C:/Users/pazos/Documents/Vida Universitaria/IRSD Carrera Tec/4 semestre/Diseno con logica programable/RGBpong/RGBpong.vhd Line: 232
Info (10041): Inferred latch for "B[3]" at RGBpong.vhd(232) File: C:/Users/pazos/Documents/Vida Universitaria/IRSD Carrera Tec/4 semestre/Diseno con logica programable/RGBpong/RGBpong.vhd Line: 232
Info (10041): Inferred latch for "G[0]" at RGBpong.vhd(232) File: C:/Users/pazos/Documents/Vida Universitaria/IRSD Carrera Tec/4 semestre/Diseno con logica programable/RGBpong/RGBpong.vhd Line: 232
Info (10041): Inferred latch for "G[1]" at RGBpong.vhd(232) File: C:/Users/pazos/Documents/Vida Universitaria/IRSD Carrera Tec/4 semestre/Diseno con logica programable/RGBpong/RGBpong.vhd Line: 232
Info (10041): Inferred latch for "G[2]" at RGBpong.vhd(232) File: C:/Users/pazos/Documents/Vida Universitaria/IRSD Carrera Tec/4 semestre/Diseno con logica programable/RGBpong/RGBpong.vhd Line: 232
Info (10041): Inferred latch for "G[3]" at RGBpong.vhd(232) File: C:/Users/pazos/Documents/Vida Universitaria/IRSD Carrera Tec/4 semestre/Diseno con logica programable/RGBpong/RGBpong.vhd Line: 232
Info (10041): Inferred latch for "R[0]" at RGBpong.vhd(232) File: C:/Users/pazos/Documents/Vida Universitaria/IRSD Carrera Tec/4 semestre/Diseno con logica programable/RGBpong/RGBpong.vhd Line: 232
Info (10041): Inferred latch for "R[1]" at RGBpong.vhd(232) File: C:/Users/pazos/Documents/Vida Universitaria/IRSD Carrera Tec/4 semestre/Diseno con logica programable/RGBpong/RGBpong.vhd Line: 232
Info (10041): Inferred latch for "R[2]" at RGBpong.vhd(232) File: C:/Users/pazos/Documents/Vida Universitaria/IRSD Carrera Tec/4 semestre/Diseno con logica programable/RGBpong/RGBpong.vhd Line: 232
Info (10041): Inferred latch for "R[3]" at RGBpong.vhd(232) File: C:/Users/pazos/Documents/Vida Universitaria/IRSD Carrera Tec/4 semestre/Diseno con logica programable/RGBpong/RGBpong.vhd Line: 232
Info (10041): Inferred latch for "P7:RIGHT_PADDLE_Y[0]" at RGBpong.vhd(244) File: C:/Users/pazos/Documents/Vida Universitaria/IRSD Carrera Tec/4 semestre/Diseno con logica programable/RGBpong/RGBpong.vhd Line: 244
Info (10041): Inferred latch for "P7:RIGHT_PADDLE_Y[1]" at RGBpong.vhd(244) File: C:/Users/pazos/Documents/Vida Universitaria/IRSD Carrera Tec/4 semestre/Diseno con logica programable/RGBpong/RGBpong.vhd Line: 244
Info (10041): Inferred latch for "P7:RIGHT_PADDLE_Y[2]" at RGBpong.vhd(244) File: C:/Users/pazos/Documents/Vida Universitaria/IRSD Carrera Tec/4 semestre/Diseno con logica programable/RGBpong/RGBpong.vhd Line: 244
Info (10041): Inferred latch for "P7:RIGHT_PADDLE_Y[3]" at RGBpong.vhd(244) File: C:/Users/pazos/Documents/Vida Universitaria/IRSD Carrera Tec/4 semestre/Diseno con logica programable/RGBpong/RGBpong.vhd Line: 244
Info (10041): Inferred latch for "P7:RIGHT_PADDLE_Y[4]" at RGBpong.vhd(244) File: C:/Users/pazos/Documents/Vida Universitaria/IRSD Carrera Tec/4 semestre/Diseno con logica programable/RGBpong/RGBpong.vhd Line: 244
Info (10041): Inferred latch for "P7:RIGHT_PADDLE_Y[5]" at RGBpong.vhd(244) File: C:/Users/pazos/Documents/Vida Universitaria/IRSD Carrera Tec/4 semestre/Diseno con logica programable/RGBpong/RGBpong.vhd Line: 244
Info (10041): Inferred latch for "P7:RIGHT_PADDLE_Y[6]" at RGBpong.vhd(244) File: C:/Users/pazos/Documents/Vida Universitaria/IRSD Carrera Tec/4 semestre/Diseno con logica programable/RGBpong/RGBpong.vhd Line: 244
Info (10041): Inferred latch for "P7:RIGHT_PADDLE_Y[7]" at RGBpong.vhd(244) File: C:/Users/pazos/Documents/Vida Universitaria/IRSD Carrera Tec/4 semestre/Diseno con logica programable/RGBpong/RGBpong.vhd Line: 244
Info (10041): Inferred latch for "P7:RIGHT_PADDLE_Y[8]" at RGBpong.vhd(244) File: C:/Users/pazos/Documents/Vida Universitaria/IRSD Carrera Tec/4 semestre/Diseno con logica programable/RGBpong/RGBpong.vhd Line: 244
Info (10041): Inferred latch for "P7:RIGHT_PADDLE_Y[9]" at RGBpong.vhd(244) File: C:/Users/pazos/Documents/Vida Universitaria/IRSD Carrera Tec/4 semestre/Diseno con logica programable/RGBpong/RGBpong.vhd Line: 244
Info (10041): Inferred latch for "P7:LEFT_PADDLE_Y[0]" at RGBpong.vhd(244) File: C:/Users/pazos/Documents/Vida Universitaria/IRSD Carrera Tec/4 semestre/Diseno con logica programable/RGBpong/RGBpong.vhd Line: 244
Info (10041): Inferred latch for "P7:LEFT_PADDLE_Y[1]" at RGBpong.vhd(244) File: C:/Users/pazos/Documents/Vida Universitaria/IRSD Carrera Tec/4 semestre/Diseno con logica programable/RGBpong/RGBpong.vhd Line: 244
Info (10041): Inferred latch for "P7:LEFT_PADDLE_Y[2]" at RGBpong.vhd(244) File: C:/Users/pazos/Documents/Vida Universitaria/IRSD Carrera Tec/4 semestre/Diseno con logica programable/RGBpong/RGBpong.vhd Line: 244
Info (10041): Inferred latch for "P7:LEFT_PADDLE_Y[3]" at RGBpong.vhd(244) File: C:/Users/pazos/Documents/Vida Universitaria/IRSD Carrera Tec/4 semestre/Diseno con logica programable/RGBpong/RGBpong.vhd Line: 244
Info (10041): Inferred latch for "P7:LEFT_PADDLE_Y[4]" at RGBpong.vhd(244) File: C:/Users/pazos/Documents/Vida Universitaria/IRSD Carrera Tec/4 semestre/Diseno con logica programable/RGBpong/RGBpong.vhd Line: 244
Info (10041): Inferred latch for "P7:LEFT_PADDLE_Y[5]" at RGBpong.vhd(244) File: C:/Users/pazos/Documents/Vida Universitaria/IRSD Carrera Tec/4 semestre/Diseno con logica programable/RGBpong/RGBpong.vhd Line: 244
Info (10041): Inferred latch for "P7:LEFT_PADDLE_Y[6]" at RGBpong.vhd(244) File: C:/Users/pazos/Documents/Vida Universitaria/IRSD Carrera Tec/4 semestre/Diseno con logica programable/RGBpong/RGBpong.vhd Line: 244
Info (10041): Inferred latch for "P7:LEFT_PADDLE_Y[7]" at RGBpong.vhd(244) File: C:/Users/pazos/Documents/Vida Universitaria/IRSD Carrera Tec/4 semestre/Diseno con logica programable/RGBpong/RGBpong.vhd Line: 244
Info (10041): Inferred latch for "P7:LEFT_PADDLE_Y[8]" at RGBpong.vhd(244) File: C:/Users/pazos/Documents/Vida Universitaria/IRSD Carrera Tec/4 semestre/Diseno con logica programable/RGBpong/RGBpong.vhd Line: 244
Info (10041): Inferred latch for "P7:LEFT_PADDLE_Y[9]" at RGBpong.vhd(244) File: C:/Users/pazos/Documents/Vida Universitaria/IRSD Carrera Tec/4 semestre/Diseno con logica programable/RGBpong/RGBpong.vhd Line: 244
Info (12128): Elaborating entity "SyncVGA800x525" for hierarchy "SyncVGA800x525:SYNC" File: C:/Users/pazos/Documents/Vida Universitaria/IRSD Carrera Tec/4 semestre/Diseno con logica programable/RGBpong/RGBpong.vhd Line: 113
Warning (10036): Verilog HDL or VHDL warning at SyncVGA800x525.vhd(34): object "C" assigned a value but never read File: C:/Users/pazos/Documents/Vida Universitaria/IRSD Carrera Tec/4 semestre/Diseno con logica programable/SyncVGA800x525/SyncVGA800x525.vhd Line: 34
Info (12128): Elaborating entity "ContadorMod800" for hierarchy "SyncVGA800x525:SYNC|ContadorMod800:I0" File: C:/Users/pazos/Documents/Vida Universitaria/IRSD Carrera Tec/4 semestre/Diseno con logica programable/SyncVGA800x525/SyncVGA800x525.vhd Line: 38
Warning (10036): Verilog HDL or VHDL warning at ContadorMod800.vhd(23): object "CarryOut" assigned a value but never read File: C:/Users/pazos/Documents/Vida Universitaria/IRSD Carrera Tec/4 semestre/Diseno con logica programable/ContadorMod800/ContadorMod800.vhd Line: 23
Info (12128): Elaborating entity "Contador10b" for hierarchy "SyncVGA800x525:SYNC|ContadorMod800:I0|Contador10b:I0" File: C:/Users/pazos/Documents/Vida Universitaria/IRSD Carrera Tec/4 semestre/Diseno con logica programable/ContadorMod800/ContadorMod800.vhd Line: 26
Info (12128): Elaborating entity "MasUno10b" for hierarchy "SyncVGA800x525:SYNC|ContadorMod800:I0|Contador10b:I0|MasUno10b:I0" File: C:/Users/pazos/Documents/Vida Universitaria/IRSD Carrera Tec/4 semestre/Diseno con logica programable/Contador10b/Contador10b.vhd Line: 25
Info (12128): Elaborating entity "HalfAdder" for hierarchy "SyncVGA800x525:SYNC|ContadorMod800:I0|Contador10b:I0|MasUno10b:I0|HalfAdder:I0" File: C:/Users/pazos/Documents/Vida Universitaria/IRSD Carrera Tec/4 semestre/Diseno con logica programable/MasUno10b/MasUno10b.vhd Line: 23
Info (12128): Elaborating entity "ContadorMod525" for hierarchy "SyncVGA800x525:SYNC|ContadorMod525:I1" File: C:/Users/pazos/Documents/Vida Universitaria/IRSD Carrera Tec/4 semestre/Diseno con logica programable/SyncVGA800x525/SyncVGA800x525.vhd Line: 39
Warning (13012): Latch \P7:LEFT_PADDLE_Y[9] has unsafe behavior
    Warning (13013): Ports D and ENA on the latch are fed by the same signal PAR_SWITCH1[1] File: C:/Users/pazos/Documents/Vida Universitaria/IRSD Carrera Tec/4 semestre/Diseno con logica programable/RGBpong/RGBpong.vhd Line: 33
Warning (13012): Latch \P7:LEFT_PADDLE_Y[8] has unsafe behavior
    Warning (13013): Ports D and ENA on the latch are fed by the same signal PAR_SWITCH1[1] File: C:/Users/pazos/Documents/Vida Universitaria/IRSD Carrera Tec/4 semestre/Diseno con logica programable/RGBpong/RGBpong.vhd Line: 33
Warning (13012): Latch \P7:LEFT_PADDLE_Y[7] has unsafe behavior
    Warning (13013): Ports D and ENA on the latch are fed by the same signal PAR_SWITCH1[1] File: C:/Users/pazos/Documents/Vida Universitaria/IRSD Carrera Tec/4 semestre/Diseno con logica programable/RGBpong/RGBpong.vhd Line: 33
Warning (13012): Latch \P7:LEFT_PADDLE_Y[6] has unsafe behavior
    Warning (13013): Ports D and ENA on the latch are fed by the same signal PAR_SWITCH1[1] File: C:/Users/pazos/Documents/Vida Universitaria/IRSD Carrera Tec/4 semestre/Diseno con logica programable/RGBpong/RGBpong.vhd Line: 33
Warning (13012): Latch \P7:LEFT_PADDLE_Y[5] has unsafe behavior
    Warning (13013): Ports D and ENA on the latch are fed by the same signal PAR_SWITCH1[1] File: C:/Users/pazos/Documents/Vida Universitaria/IRSD Carrera Tec/4 semestre/Diseno con logica programable/RGBpong/RGBpong.vhd Line: 33
Warning (13012): Latch \P7:LEFT_PADDLE_Y[4] has unsafe behavior
    Warning (13013): Ports D and ENA on the latch are fed by the same signal PAR_SWITCH1[1] File: C:/Users/pazos/Documents/Vida Universitaria/IRSD Carrera Tec/4 semestre/Diseno con logica programable/RGBpong/RGBpong.vhd Line: 33
Warning (13012): Latch \P7:LEFT_PADDLE_Y[3] has unsafe behavior
    Warning (13013): Ports D and ENA on the latch are fed by the same signal PAR_SWITCH1[1] File: C:/Users/pazos/Documents/Vida Universitaria/IRSD Carrera Tec/4 semestre/Diseno con logica programable/RGBpong/RGBpong.vhd Line: 33
Warning (13012): Latch \P7:LEFT_PADDLE_Y[2] has unsafe behavior
    Warning (13013): Ports D and ENA on the latch are fed by the same signal PAR_SWITCH1[1] File: C:/Users/pazos/Documents/Vida Universitaria/IRSD Carrera Tec/4 semestre/Diseno con logica programable/RGBpong/RGBpong.vhd Line: 33
Warning (13012): Latch \P7:LEFT_PADDLE_Y[1] has unsafe behavior
    Warning (13013): Ports D and ENA on the latch are fed by the same signal PAR_SWITCH1[1] File: C:/Users/pazos/Documents/Vida Universitaria/IRSD Carrera Tec/4 semestre/Diseno con logica programable/RGBpong/RGBpong.vhd Line: 33
Warning (13012): Latch \P7:LEFT_PADDLE_Y[0] has unsafe behavior
    Warning (13013): Ports D and ENA on the latch are fed by the same signal PAR_SWITCH1[1] File: C:/Users/pazos/Documents/Vida Universitaria/IRSD Carrera Tec/4 semestre/Diseno con logica programable/RGBpong/RGBpong.vhd Line: 33
Warning (13012): Latch \P7:RIGHT_PADDLE_Y[9] has unsafe behavior
    Warning (13013): Ports D and ENA on the latch are fed by the same signal PAR_SWITCH2[1] File: C:/Users/pazos/Documents/Vida Universitaria/IRSD Carrera Tec/4 semestre/Diseno con logica programable/RGBpong/RGBpong.vhd Line: 33
Warning (13012): Latch \P7:RIGHT_PADDLE_Y[8] has unsafe behavior
    Warning (13013): Ports D and ENA on the latch are fed by the same signal PAR_SWITCH2[1] File: C:/Users/pazos/Documents/Vida Universitaria/IRSD Carrera Tec/4 semestre/Diseno con logica programable/RGBpong/RGBpong.vhd Line: 33
Warning (13012): Latch \P7:RIGHT_PADDLE_Y[7] has unsafe behavior
    Warning (13013): Ports D and ENA on the latch are fed by the same signal PAR_SWITCH2[1] File: C:/Users/pazos/Documents/Vida Universitaria/IRSD Carrera Tec/4 semestre/Diseno con logica programable/RGBpong/RGBpong.vhd Line: 33
Warning (13012): Latch \P7:RIGHT_PADDLE_Y[6] has unsafe behavior
    Warning (13013): Ports D and ENA on the latch are fed by the same signal PAR_SWITCH2[1] File: C:/Users/pazos/Documents/Vida Universitaria/IRSD Carrera Tec/4 semestre/Diseno con logica programable/RGBpong/RGBpong.vhd Line: 33
Warning (13012): Latch \P7:RIGHT_PADDLE_Y[5] has unsafe behavior
    Warning (13013): Ports D and ENA on the latch are fed by the same signal PAR_SWITCH2[1] File: C:/Users/pazos/Documents/Vida Universitaria/IRSD Carrera Tec/4 semestre/Diseno con logica programable/RGBpong/RGBpong.vhd Line: 33
Warning (13012): Latch \P7:RIGHT_PADDLE_Y[4] has unsafe behavior
    Warning (13013): Ports D and ENA on the latch are fed by the same signal PAR_SWITCH2[1] File: C:/Users/pazos/Documents/Vida Universitaria/IRSD Carrera Tec/4 semestre/Diseno con logica programable/RGBpong/RGBpong.vhd Line: 33
Warning (13012): Latch \P7:RIGHT_PADDLE_Y[3] has unsafe behavior
    Warning (13013): Ports D and ENA on the latch are fed by the same signal PAR_SWITCH2[1] File: C:/Users/pazos/Documents/Vida Universitaria/IRSD Carrera Tec/4 semestre/Diseno con logica programable/RGBpong/RGBpong.vhd Line: 33
Warning (13012): Latch \P7:RIGHT_PADDLE_Y[2] has unsafe behavior
    Warning (13013): Ports D and ENA on the latch are fed by the same signal PAR_SWITCH2[1] File: C:/Users/pazos/Documents/Vida Universitaria/IRSD Carrera Tec/4 semestre/Diseno con logica programable/RGBpong/RGBpong.vhd Line: 33
Warning (13012): Latch \P7:RIGHT_PADDLE_Y[1] has unsafe behavior
    Warning (13013): Ports D and ENA on the latch are fed by the same signal PAR_SWITCH2[1] File: C:/Users/pazos/Documents/Vida Universitaria/IRSD Carrera Tec/4 semestre/Diseno con logica programable/RGBpong/RGBpong.vhd Line: 33
Warning (13012): Latch \P7:RIGHT_PADDLE_Y[0] has unsafe behavior
    Warning (13013): Ports D and ENA on the latch are fed by the same signal PAR_SWITCH2[1] File: C:/Users/pazos/Documents/Vida Universitaria/IRSD Carrera Tec/4 semestre/Diseno con logica programable/RGBpong/RGBpong.vhd Line: 33
Warning (13024): Output pins are stuck at VCC or GND
    Warning (13410): Pin "R[3]" is stuck at GND File: C:/Users/pazos/Documents/Vida Universitaria/IRSD Carrera Tec/4 semestre/Diseno con logica programable/RGBpong/RGBpong.vhd Line: 232
Info (286030): Timing-Driven Synthesis is running
Info (16010): Generating hard_block partition "hard_block:auto_generated_inst"
    Info (16011): Adding 0 node(s), including 0 DDIO, 0 PLL, 0 transceiver and 0 LCELL
Info (21057): Implemented 334 device resources after synthesis - the final resource count might be different
    Info (21058): Implemented 7 input pins
    Info (21059): Implemented 14 output pins
    Info (21061): Implemented 313 logic cells
Info: Quartus Prime Analysis & Synthesis was successful. 0 errors, 64 warnings
    Info: Peak virtual memory: 4797 megabytes
    Info: Processing ended: Sun Mar 07 21:00:35 2021
    Info: Elapsed time: 00:00:20
    Info: Total CPU time (on all processors): 00:00:43


