Analysis & Synthesis report for Pong
Wed Mar 10 14:09:41 2021
Quartus Prime Version 18.1.0 Build 625 09/12/2018 SJ Lite Edition


---------------------
; Table of Contents ;
---------------------
  1. Legal Notice
  2. Analysis & Synthesis Summary
  3. Analysis & Synthesis Settings
  4. Parallel Compilation
  5. Analysis & Synthesis Source Files Read
  6. Analysis & Synthesis Resource Usage Summary
  7. Analysis & Synthesis Resource Utilization by Entity
  8. State Machine - |Pong|RGBpong:RGBs|SyncVGA800x525:SYNC|EDO_Y
  9. State Machine - |Pong|RGBpong:RGBs|SyncVGA800x525:SYNC|EDO_X
 10. Registers Removed During Synthesis
 11. General Register Statistics
 12. Inverted Register Statistics
 13. Multiplexer Restructuring Statistics (Restructuring Performed)
 14. Port Connectivity Checks: "RGBpong:RGBs|SyncVGA800x525:SYNC|ContadorMod525:I1"
 15. Port Connectivity Checks: "RGBpong:RGBs|SyncVGA800x525:SYNC|ContadorMod800:I0|Contador10b:I0|MasUno10b:I0|HalfAdder:I0"
 16. Port Connectivity Checks: "RGBpong:RGBs|SyncVGA800x525:SYNC|ContadorMod800:I0|Contador10b:I0"
 17. Port Connectivity Checks: "DivisorFrecuenciaPorMitad:Freq|FlipFlopJK:FF0"
 18. Post-Synthesis Netlist Statistics for Top Partition
 19. Elapsed Time Per Partition
 20. Analysis & Synthesis Messages



----------------
; Legal Notice ;
----------------
Copyright (C) 2018  Intel Corporation. All rights reserved.
Your use of Intel Corporation's design tools, logic functions 
and other software and tools, and its AMPP partner logic 
functions, and any output files from any of the foregoing 
(including device programming or simulation files), and any 
associated documentation or information are expressly subject 
to the terms and conditions of the Intel Program License 
Subscription Agreement, the Intel Quartus Prime License Agreement,
the Intel FPGA IP License Agreement, or other applicable license
agreement, including, without limitation, that your use is for
the sole purpose of programming logic devices manufactured by
Intel and sold by Intel or its authorized distributors.  Please
refer to the applicable agreement for further details.



+----------------------------------------------------------------------------------+
; Analysis & Synthesis Summary                                                     ;
+------------------------------------+---------------------------------------------+
; Analysis & Synthesis Status        ; Successful - Wed Mar 10 14:09:41 2021       ;
; Quartus Prime Version              ; 18.1.0 Build 625 09/12/2018 SJ Lite Edition ;
; Revision Name                      ; Pong                                        ;
; Top-level Entity Name              ; Pong                                        ;
; Family                             ; MAX 10                                      ;
; Total logic elements               ; 823                                         ;
;     Total combinational functions  ; 823                                         ;
;     Dedicated logic registers      ; 130                                         ;
; Total registers                    ; 130                                         ;
; Total pins                         ; 24                                          ;
; Total virtual pins                 ; 0                                           ;
; Total memory bits                  ; 0                                           ;
; Embedded Multiplier 9-bit elements ; 0                                           ;
; Total PLLs                         ; 0                                           ;
; UFM blocks                         ; 0                                           ;
; ADC blocks                         ; 0                                           ;
+------------------------------------+---------------------------------------------+


+------------------------------------------------------------------------------------------------------------+
; Analysis & Synthesis Settings                                                                              ;
+------------------------------------------------------------------+--------------------+--------------------+
; Option                                                           ; Setting            ; Default Value      ;
+------------------------------------------------------------------+--------------------+--------------------+
; Device                                                           ; 10M50DAF484C6GES   ;                    ;
; Top-level entity name                                            ; Pong               ; Pong               ;
; Family name                                                      ; MAX 10             ; Cyclone V          ;
; Use smart compilation                                            ; Off                ; Off                ;
; Enable parallel Assembler and Timing Analyzer during compilation ; On                 ; On                 ;
; Enable compact report table                                      ; Off                ; Off                ;
; Restructure Multiplexers                                         ; Auto               ; Auto               ;
; Create Debugging Nodes for IP Cores                              ; Off                ; Off                ;
; Preserve fewer node names                                        ; On                 ; On                 ;
; Intel FPGA IP Evaluation Mode                                    ; Enable             ; Enable             ;
; Verilog Version                                                  ; Verilog_2001       ; Verilog_2001       ;
; VHDL Version                                                     ; VHDL_1993          ; VHDL_1993          ;
; State Machine Processing                                         ; Auto               ; Auto               ;
; Safe State Machine                                               ; Off                ; Off                ;
; Extract Verilog State Machines                                   ; On                 ; On                 ;
; Extract VHDL State Machines                                      ; On                 ; On                 ;
; Ignore Verilog initial constructs                                ; Off                ; Off                ;
; Iteration limit for constant Verilog loops                       ; 5000               ; 5000               ;
; Iteration limit for non-constant Verilog loops                   ; 250                ; 250                ;
; Add Pass-Through Logic to Inferred RAMs                          ; On                 ; On                 ;
; Infer RAMs from Raw Logic                                        ; On                 ; On                 ;
; Parallel Synthesis                                               ; On                 ; On                 ;
; DSP Block Balancing                                              ; Auto               ; Auto               ;
; NOT Gate Push-Back                                               ; On                 ; On                 ;
; Power-Up Don't Care                                              ; On                 ; On                 ;
; Remove Redundant Logic Cells                                     ; Off                ; Off                ;
; Remove Duplicate Registers                                       ; On                 ; On                 ;
; Ignore CARRY Buffers                                             ; Off                ; Off                ;
; Ignore CASCADE Buffers                                           ; Off                ; Off                ;
; Ignore GLOBAL Buffers                                            ; Off                ; Off                ;
; Ignore ROW GLOBAL Buffers                                        ; Off                ; Off                ;
; Ignore LCELL Buffers                                             ; Off                ; Off                ;
; Ignore SOFT Buffers                                              ; On                 ; On                 ;
; Limit AHDL Integers to 32 Bits                                   ; Off                ; Off                ;
; Optimization Technique                                           ; Balanced           ; Balanced           ;
; Carry Chain Length                                               ; 70                 ; 70                 ;
; Auto Carry Chains                                                ; On                 ; On                 ;
; Auto Open-Drain Pins                                             ; On                 ; On                 ;
; Perform WYSIWYG Primitive Resynthesis                            ; Off                ; Off                ;
; Auto ROM Replacement                                             ; On                 ; On                 ;
; Auto RAM Replacement                                             ; On                 ; On                 ;
; Auto DSP Block Replacement                                       ; On                 ; On                 ;
; Auto Shift Register Replacement                                  ; Auto               ; Auto               ;
; Allow Shift Register Merging across Hierarchies                  ; Auto               ; Auto               ;
; Auto Clock Enable Replacement                                    ; On                 ; On                 ;
; Strict RAM Replacement                                           ; Off                ; Off                ;
; Allow Synchronous Control Signals                                ; On                 ; On                 ;
; Force Use of Synchronous Clear Signals                           ; Off                ; Off                ;
; Auto RAM Block Balancing                                         ; On                 ; On                 ;
; Auto RAM to Logic Cell Conversion                                ; Off                ; Off                ;
; Auto Resource Sharing                                            ; Off                ; Off                ;
; Allow Any RAM Size For Recognition                               ; Off                ; Off                ;
; Allow Any ROM Size For Recognition                               ; Off                ; Off                ;
; Allow Any Shift Register Size For Recognition                    ; Off                ; Off                ;
; Use LogicLock Constraints during Resource Balancing              ; On                 ; On                 ;
; Ignore translate_off and synthesis_off directives                ; Off                ; Off                ;
; Timing-Driven Synthesis                                          ; On                 ; On                 ;
; Report Parameter Settings                                        ; On                 ; On                 ;
; Report Source Assignments                                        ; On                 ; On                 ;
; Report Connectivity Checks                                       ; On                 ; On                 ;
; Ignore Maximum Fan-Out Assignments                               ; Off                ; Off                ;
; Synchronization Register Chain Length                            ; 2                  ; 2                  ;
; Power Optimization During Synthesis                              ; Normal compilation ; Normal compilation ;
; HDL message level                                                ; Level2             ; Level2             ;
; Suppress Register Optimization Related Messages                  ; Off                ; Off                ;
; Number of Removed Registers Reported in Synthesis Report         ; 5000               ; 5000               ;
; Number of Swept Nodes Reported in Synthesis Report               ; 5000               ; 5000               ;
; Number of Inverted Registers Reported in Synthesis Report        ; 100                ; 100                ;
; Clock MUX Protection                                             ; On                 ; On                 ;
; Auto Gated Clock Conversion                                      ; Off                ; Off                ;
; Block Design Naming                                              ; Auto               ; Auto               ;
; SDC constraint protection                                        ; Off                ; Off                ;
; Synthesis Effort                                                 ; Auto               ; Auto               ;
; Shift Register Replacement - Allow Asynchronous Clear Signal     ; On                 ; On                 ;
; Pre-Mapping Resynthesis Optimization                             ; Off                ; Off                ;
; Analysis & Synthesis Message Level                               ; Medium             ; Medium             ;
; Disable Register Merging Across Hierarchies                      ; Auto               ; Auto               ;
; Resource Aware Inference For Block RAM                           ; On                 ; On                 ;
+------------------------------------------------------------------+--------------------+--------------------+


+------------------------------------------+
; Parallel Compilation                     ;
+----------------------------+-------------+
; Processors                 ; Number      ;
+----------------------------+-------------+
; Number detected on machine ; 8           ;
; Maximum allowed            ; 4           ;
;                            ;             ;
; Average used               ; 1.00        ;
; Maximum used               ; 4           ;
;                            ;             ;
; Usage by Processor         ; % Time Used ;
;     Processor 1            ; 100.0%      ;
;     Processors 2-4         ;   0.0%      ;
+----------------------------+-------------+


+--------------------------------------------------------------------------------------------------------------------------------------------------------------------------------------------------------------------------------------------------------------------------+
; Analysis & Synthesis Source Files Read                                                                                                                                                                                                                                   ;
+------------------------------------------------------------+-----------------+-----------------+---------------------------------------------------------------------------------------------------------------------------------------------------------------+---------+
; File Name with User-Entered Path                           ; Used in Netlist ; File Type       ; File Name with Absolute Path                                                                                                                                  ; Library ;
+------------------------------------------------------------+-----------------+-----------------+---------------------------------------------------------------------------------------------------------------------------------------------------------------+---------+
; ../SyncVGA800x525/SyncVGA800x525.vhd                       ; yes             ; User VHDL File  ; C:/Users/pazos/Documents/Vida Universitaria/IRSD Carrera Tec/4 semestre/Diseno con logica programable/SyncVGA800x525/SyncVGA800x525.vhd                       ;         ;
; ../RGBpong/RGBpong.vhd                                     ; yes             ; User VHDL File  ; C:/Users/pazos/Documents/Vida Universitaria/IRSD Carrera Tec/4 semestre/Diseno con logica programable/RGBpong/RGBpong.vhd                                     ;         ;
; ../MasUno10b/MasUno10b.vhd                                 ; yes             ; User VHDL File  ; C:/Users/pazos/Documents/Vida Universitaria/IRSD Carrera Tec/4 semestre/Diseno con logica programable/MasUno10b/MasUno10b.vhd                                 ;         ;
; ../HalfAdder/HalfAdder.vhd                                 ; yes             ; User VHDL File  ; C:/Users/pazos/Documents/Vida Universitaria/IRSD Carrera Tec/4 semestre/Diseno con logica programable/HalfAdder/HalfAdder.vhd                                 ;         ;
; ../FlipFlopJK/FlipFlopJK.vhd                               ; yes             ; User VHDL File  ; C:/Users/pazos/Documents/Vida Universitaria/IRSD Carrera Tec/4 semestre/Diseno con logica programable/FlipFlopJK/FlipFlopJK.vhd                               ;         ;
; ../DivisorFrecuenciaPorMitad/DivisorFrecuenciaPorMitad.vhd ; yes             ; User VHDL File  ; C:/Users/pazos/Documents/Vida Universitaria/IRSD Carrera Tec/4 semestre/Diseno con logica programable/DivisorFrecuenciaPorMitad/DivisorFrecuenciaPorMitad.vhd ;         ;
; ../ContadorMod800/ContadorMod800.vhd                       ; yes             ; User VHDL File  ; C:/Users/pazos/Documents/Vida Universitaria/IRSD Carrera Tec/4 semestre/Diseno con logica programable/ContadorMod800/ContadorMod800.vhd                       ;         ;
; ../ContadorMod525/ContadorMod525.vhd                       ; yes             ; User VHDL File  ; C:/Users/pazos/Documents/Vida Universitaria/IRSD Carrera Tec/4 semestre/Diseno con logica programable/ContadorMod525/ContadorMod525.vhd                       ;         ;
; ../Contador10b/Contador10b.vhd                             ; yes             ; User VHDL File  ; C:/Users/pazos/Documents/Vida Universitaria/IRSD Carrera Tec/4 semestre/Diseno con logica programable/Contador10b/Contador10b.vhd                             ;         ;
; Pong.vhd                                                   ; yes             ; User VHDL File  ; C:/Users/pazos/Documents/Vida Universitaria/IRSD Carrera Tec/4 semestre/Diseno con logica programable/Pong/Pong.vhd                                           ;         ;
+------------------------------------------------------------+-----------------+-----------------+---------------------------------------------------------------------------------------------------------------------------------------------------------------+---------+


+-----------------------------------------------------------------------------------------------+
; Analysis & Synthesis Resource Usage Summary                                                   ;
+---------------------------------------------+-------------------------------------------------+
; Resource                                    ; Usage                                           ;
+---------------------------------------------+-------------------------------------------------+
; Estimated Total logic elements              ; 823                                             ;
;                                             ;                                                 ;
; Total combinational functions               ; 823                                             ;
; Logic element usage by number of LUT inputs ;                                                 ;
;     -- 4 input functions                    ; 322                                             ;
;     -- 3 input functions                    ; 256                                             ;
;     -- <=2 input functions                  ; 245                                             ;
;                                             ;                                                 ;
; Logic elements by mode                      ;                                                 ;
;     -- normal mode                          ; 503                                             ;
;     -- arithmetic mode                      ; 320                                             ;
;                                             ;                                                 ;
; Total registers                             ; 130                                             ;
;     -- Dedicated logic registers            ; 130                                             ;
;     -- I/O registers                        ; 0                                               ;
;                                             ;                                                 ;
; I/O pins                                    ; 24                                              ;
;                                             ;                                                 ;
; Embedded Multiplier 9-bit elements          ; 0                                               ;
;                                             ;                                                 ;
; Maximum fan-out node                        ; DivisorFrecuenciaPorMitad:Freq|FlipFlopJK:FF0|C ;
; Maximum fan-out                             ; 130                                             ;
; Total fan-out                               ; 3043                                            ;
; Average fan-out                             ; 3.04                                            ;
+---------------------------------------------+-------------------------------------------------+


+-----------------------------------------------------------------------------------------------------------------------------------------------------------------------------------------------------------------------------------------------------------------------------------------------------------------------------------------+
; Analysis & Synthesis Resource Utilization by Entity                                                                                                                                                                                                                                                                                     ;
+-------------------------------------+---------------------+---------------------------+-------------+------------+--------------+---------+-----------+------+--------------+------------+---------------------------------------------------------------------------------------------------+---------------------------+--------------+
; Compilation Hierarchy Node          ; Combinational ALUTs ; Dedicated Logic Registers ; Memory Bits ; UFM Blocks ; DSP Elements ; DSP 9x9 ; DSP 18x18 ; Pins ; Virtual Pins ; ADC blocks ; Full Hierarchy Name                                                                               ; Entity Name               ; Library Name ;
+-------------------------------------+---------------------+---------------------------+-------------+------------+--------------+---------+-----------+------+--------------+------------+---------------------------------------------------------------------------------------------------+---------------------------+--------------+
; |Pong                               ; 823 (0)             ; 130 (0)                   ; 0           ; 0          ; 0            ; 0       ; 0         ; 24   ; 0            ; 0          ; |Pong                                                                                             ; Pong                      ; work         ;
;    |DivisorFrecuenciaPorMitad:Freq| ; 1 (0)               ; 1 (0)                     ; 0           ; 0          ; 0            ; 0       ; 0         ; 0    ; 0            ; 0          ; |Pong|DivisorFrecuenciaPorMitad:Freq                                                              ; DivisorFrecuenciaPorMitad ; work         ;
;       |FlipFlopJK:FF0|              ; 1 (1)               ; 1 (1)                     ; 0           ; 0          ; 0            ; 0       ; 0         ; 0    ; 0            ; 0          ; |Pong|DivisorFrecuenciaPorMitad:Freq|FlipFlopJK:FF0                                               ; FlipFlopJK                ; work         ;
;    |RGBpong:RGBs|                   ; 822 (776)           ; 129 (104)                 ; 0           ; 0          ; 0            ; 0       ; 0         ; 0    ; 0            ; 0          ; |Pong|RGBpong:RGBs                                                                                ; RGBpong                   ; work         ;
;       |SyncVGA800x525:SYNC|         ; 46 (20)             ; 25 (5)                    ; 0           ; 0          ; 0            ; 0       ; 0         ; 0    ; 0            ; 0          ; |Pong|RGBpong:RGBs|SyncVGA800x525:SYNC                                                            ; SyncVGA800x525            ; work         ;
;          |ContadorMod525:I1|        ; 12 (12)             ; 10 (10)                   ; 0           ; 0          ; 0            ; 0       ; 0         ; 0    ; 0            ; 0          ; |Pong|RGBpong:RGBs|SyncVGA800x525:SYNC|ContadorMod525:I1                                          ; ContadorMod525            ; work         ;
;          |ContadorMod800:I0|        ; 14 (3)              ; 10 (0)                    ; 0           ; 0          ; 0            ; 0       ; 0         ; 0    ; 0            ; 0          ; |Pong|RGBpong:RGBs|SyncVGA800x525:SYNC|ContadorMod800:I0                                          ; ContadorMod800            ; work         ;
;             |Contador10b:I0|        ; 11 (10)             ; 10 (10)                   ; 0           ; 0          ; 0            ; 0       ; 0         ; 0    ; 0            ; 0          ; |Pong|RGBpong:RGBs|SyncVGA800x525:SYNC|ContadorMod800:I0|Contador10b:I0                           ; Contador10b               ; work         ;
;                |MasUno10b:I0|       ; 1 (0)               ; 0 (0)                     ; 0           ; 0          ; 0            ; 0       ; 0         ; 0    ; 0            ; 0          ; |Pong|RGBpong:RGBs|SyncVGA800x525:SYNC|ContadorMod800:I0|Contador10b:I0|MasUno10b:I0              ; MasUno10b                 ; work         ;
;                   |HalfAdder:I6|    ; 1 (1)               ; 0 (0)                     ; 0           ; 0          ; 0            ; 0       ; 0         ; 0    ; 0            ; 0          ; |Pong|RGBpong:RGBs|SyncVGA800x525:SYNC|ContadorMod800:I0|Contador10b:I0|MasUno10b:I0|HalfAdder:I6 ; HalfAdder                 ; work         ;
+-------------------------------------+---------------------+---------------------------+-------------+------------+--------------+---------+-----------+------+--------------+------------+---------------------------------------------------------------------------------------------------+---------------------------+--------------+
Note: For table entries with two numbers listed, the numbers in parentheses indicate the number of resources of the given type used by the specific entity alone. The numbers listed outside of parentheses indicate the total resources of the given type used by the specific entity and all of its sub-entities in the hierarchy.


Encoding Type:  One-Hot
+-----------------------------------------------------------------+
; State Machine - |Pong|RGBpong:RGBs|SyncVGA800x525:SYNC|EDO_Y    ;
+----------------+----------------+----------------+--------------+
; Name           ; EDO_Y.E_BAJO_Y ; EDO_Y.E_ALTO_Y ; EDO_Y.IDLE_Y ;
+----------------+----------------+----------------+--------------+
; EDO_Y.IDLE_Y   ; 0              ; 0              ; 0            ;
; EDO_Y.E_ALTO_Y ; 0              ; 1              ; 1            ;
; EDO_Y.E_BAJO_Y ; 1              ; 0              ; 1            ;
+----------------+----------------+----------------+--------------+


Encoding Type:  One-Hot
+-----------------------------------------------------------------+
; State Machine - |Pong|RGBpong:RGBs|SyncVGA800x525:SYNC|EDO_X    ;
+----------------+----------------+----------------+--------------+
; Name           ; EDO_X.E_BAJO_X ; EDO_X.E_ALTO_X ; EDO_X.IDLE_X ;
+----------------+----------------+----------------+--------------+
; EDO_X.IDLE_X   ; 0              ; 0              ; 0            ;
; EDO_X.E_ALTO_X ; 0              ; 1              ; 1            ;
; EDO_X.E_BAJO_X ; 1              ; 0              ; 1            ;
+----------------+----------------+----------------+--------------+


+-----------------------------------------------------------------------------------------------------------+
; Registers Removed During Synthesis                                                                        ;
+-----------------------------------------------+-----------------------------------------------------------+
; Register name                                 ; Reason for Removal                                        ;
+-----------------------------------------------+-----------------------------------------------------------+
; RGBpong:RGBs|SyncVGA800x525:SYNC|EDO_Y.IDLE_Y ; Merged with RGBpong:RGBs|SyncVGA800x525:SYNC|EDO_X.IDLE_X ;
; Total Number of Removed Registers = 1         ;                                                           ;
+-----------------------------------------------+-----------------------------------------------------------+


+------------------------------------------------------+
; General Register Statistics                          ;
+----------------------------------------------+-------+
; Statistic                                    ; Value ;
+----------------------------------------------+-------+
; Total registers                              ; 130   ;
; Number of registers using Synchronous Clear  ; 0     ;
; Number of registers using Synchronous Load   ; 0     ;
; Number of registers using Asynchronous Clear ; 128   ;
; Number of registers using Asynchronous Load  ; 0     ;
; Number of registers using Clock Enable       ; 101   ;
; Number of registers using Preset             ; 0     ;
+----------------------------------------------+-------+


+---------------------------------------------------+
; Inverted Register Statistics                      ;
+-----------------------------------------+---------+
; Inverted Register                       ; Fan out ;
+-----------------------------------------+---------+
; RGBpong:RGBs|\GAME:BALL_X[8]            ; 4       ;
; RGBpong:RGBs|\GAME:BALL_X[7]            ; 5       ;
; RGBpong:RGBs|\GAME:BALL_X[6]            ; 5       ;
; RGBpong:RGBs|\GAME:BALL_X[4]            ; 5       ;
; RGBpong:RGBs|\GAME:BALL_Y[8]            ; 7       ;
; RGBpong:RGBs|\GAME:BALL_Y[4]            ; 7       ;
; RGBpong:RGBs|\GAME:BALL_Y[1]            ; 8       ;
; RGBpong:RGBs|\GAME:BALL_Y[0]            ; 7       ;
; RGBpong:RGBs|\GAME:RIGHT_PADDLE_Y[7]    ; 7       ;
; RGBpong:RGBs|\GAME:RIGHT_PADDLE_Y[6]    ; 7       ;
; RGBpong:RGBs|\GAME:RIGHT_PADDLE_Y[5]    ; 7       ;
; RGBpong:RGBs|\GAME:RIGHT_PADDLE_Y[4]    ; 7       ;
; RGBpong:RGBs|\GAME:RIGHT_PADDLE_Y[3]    ; 7       ;
; RGBpong:RGBs|\GAME:RIGHT_PADDLE_Y[1]    ; 8       ;
; RGBpong:RGBs|\GAME:LEFT_PADDLE_Y[7]     ; 5       ;
; RGBpong:RGBs|\GAME:LEFT_PADDLE_Y[6]     ; 5       ;
; RGBpong:RGBs|\GAME:LEFT_PADDLE_Y[5]     ; 5       ;
; RGBpong:RGBs|\GAME:LEFT_PADDLE_Y[4]     ; 5       ;
; RGBpong:RGBs|\GAME:LEFT_PADDLE_Y[3]     ; 5       ;
; RGBpong:RGBs|\GAME:LEFT_PADDLE_Y[1]     ; 6       ;
; RGBpong:RGBs|\GAME:BALL_DIRECTION_X     ; 12      ;
; RGBpong:RGBs|\GAME:BALL_DIRECTION_Y     ; 12      ;
; Total number of inverted registers = 22 ;         ;
+-----------------------------------------+---------+


+-------------------------------------------------------------------------------------------------------------------------------------------------+
; Multiplexer Restructuring Statistics (Restructuring Performed)                                                                                  ;
+--------------------+-----------+---------------+----------------------+------------------------+------------+-----------------------------------+
; Multiplexer Inputs ; Bus Width ; Baseline Area ; Area if Restructured ; Saving if Restructured ; Registered ; Example Multiplexer Output        ;
+--------------------+-----------+---------------+----------------------+------------------------+------------+-----------------------------------+
; 3:1                ; 2 bits    ; 4 LEs         ; 4 LEs                ; 0 LEs                  ; No         ; |Pong|RGBpong:RGBs|R              ;
; 4:1                ; 10 bits   ; 20 LEs        ; 20 LEs               ; 0 LEs                  ; No         ; |Pong|RGBpong:RGBs|RIGHT_PADDLE_Y ;
; 36:1               ; 6 bits    ; 144 LEs       ; 144 LEs              ; 0 LEs                  ; No         ; |Pong|RGBpong:RGBs|B[3]           ;
+--------------------+-----------+---------------+----------------------+------------------------+------------+-----------------------------------+


+----------------------------------------------------------------------------------------------------------------+
; Port Connectivity Checks: "RGBpong:RGBs|SyncVGA800x525:SYNC|ContadorMod525:I1"                                 ;
+------+--------+----------+-------------------------------------------------------------------------------------+
; Port ; Type   ; Severity ; Details                                                                             ;
+------+--------+----------+-------------------------------------------------------------------------------------+
; cout ; Output ; Info     ; Connected to dangling logic. Logic that only feeds a dangling port will be removed. ;
+------+--------+----------+-------------------------------------------------------------------------------------+


+-------------------------------------------------------------------------------------------------------------------------+
; Port Connectivity Checks: "RGBpong:RGBs|SyncVGA800x525:SYNC|ContadorMod800:I0|Contador10b:I0|MasUno10b:I0|HalfAdder:I0" ;
+------+-------+----------+-----------------------------------------------------------------------------------------------+
; Port ; Type  ; Severity ; Details                                                                                       ;
+------+-------+----------+-----------------------------------------------------------------------------------------------+
; b    ; Input ; Info     ; Stuck at VCC                                                                                  ;
+------+-------+----------+-----------------------------------------------------------------------------------------------+


+----------------------------------------------------------------------------------------------------------------+
; Port Connectivity Checks: "RGBpong:RGBs|SyncVGA800x525:SYNC|ContadorMod800:I0|Contador10b:I0"                  ;
+------+--------+----------+-------------------------------------------------------------------------------------+
; Port ; Type   ; Severity ; Details                                                                             ;
+------+--------+----------+-------------------------------------------------------------------------------------+
; cout ; Output ; Info     ; Connected to dangling logic. Logic that only feeds a dangling port will be removed. ;
+------+--------+----------+-------------------------------------------------------------------------------------+


+-----------------------------------------------------------------------------------------------------------------+
; Port Connectivity Checks: "DivisorFrecuenciaPorMitad:Freq|FlipFlopJK:FF0"                                       ;
+-------+--------+----------+-------------------------------------------------------------------------------------+
; Port  ; Type   ; Severity ; Details                                                                             ;
+-------+--------+----------+-------------------------------------------------------------------------------------+
; j     ; Input  ; Info     ; Stuck at VCC                                                                        ;
; k     ; Input  ; Info     ; Stuck at VCC                                                                        ;
; not_q ; Output ; Info     ; Connected to dangling logic. Logic that only feeds a dangling port will be removed. ;
+-------+--------+----------+-------------------------------------------------------------------------------------+


+-----------------------------------------------------+
; Post-Synthesis Netlist Statistics for Top Partition ;
+-----------------------+-----------------------------+
; Type                  ; Count                       ;
+-----------------------+-----------------------------+
; boundary_port         ; 24                          ;
; cycloneiii_ff         ; 130                         ;
;     CLR               ; 28                          ;
;     ENA               ; 1                           ;
;     ENA CLR           ; 100                         ;
;     plain             ; 1                           ;
; cycloneiii_lcell_comb ; 823                         ;
;     arith             ; 320                         ;
;         2 data inputs ; 161                         ;
;         3 data inputs ; 159                         ;
;     normal            ; 503                         ;
;         1 data inputs ; 30                          ;
;         2 data inputs ; 54                          ;
;         3 data inputs ; 97                          ;
;         4 data inputs ; 322                         ;
;                       ;                             ;
; Max LUT depth         ; 17.20                       ;
; Average LUT depth     ; 10.49                       ;
+-----------------------+-----------------------------+


+-------------------------------+
; Elapsed Time Per Partition    ;
+----------------+--------------+
; Partition Name ; Elapsed Time ;
+----------------+--------------+
; Top            ; 00:00:02     ;
+----------------+--------------+


+-------------------------------+
; Analysis & Synthesis Messages ;
+-------------------------------+
Info: *******************************************************************
Info: Running Quartus Prime Analysis & Synthesis
    Info: Version 18.1.0 Build 625 09/12/2018 SJ Lite Edition
    Info: Processing started: Wed Mar 10 14:09:26 2021
Info: Command: quartus_map --read_settings_files=on --write_settings_files=off Pong -c Pong
Warning (18236): Number of processors has not been specified which may cause overloading on shared machines.  Set the global assignment NUM_PARALLEL_PROCESSORS in your QSF to an appropriate value for best performance.
Info (20030): Parallel compilation is enabled and will use 4 of the 4 processors detected
Info (12021): Found 2 design units, including 1 entities, in source file /users/pazos/documents/vida universitaria/irsd carrera tec/4 semestre/diseno con logica programable/syncvga800x525/syncvga800x525.vhd
    Info (12022): Found design unit 1: SyncVGA800x525-ARC File: C:/Users/pazos/Documents/Vida Universitaria/IRSD Carrera Tec/4 semestre/Diseno con logica programable/SyncVGA800x525/SyncVGA800x525.vhd Line: 50
    Info (12023): Found entity 1: SyncVGA800x525 File: C:/Users/pazos/Documents/Vida Universitaria/IRSD Carrera Tec/4 semestre/Diseno con logica programable/SyncVGA800x525/SyncVGA800x525.vhd Line: 41
Info (12021): Found 2 design units, including 1 entities, in source file /users/pazos/documents/vida universitaria/irsd carrera tec/4 semestre/diseno con logica programable/rgbpong/rgbpong.vhd
    Info (12022): Found design unit 1: RGBpong-ARC File: C:/Users/pazos/Documents/Vida Universitaria/IRSD Carrera Tec/4 semestre/Diseno con logica programable/RGBpong/RGBpong.vhd Line: 53
    Info (12023): Found entity 1: RGBpong File: C:/Users/pazos/Documents/Vida Universitaria/IRSD Carrera Tec/4 semestre/Diseno con logica programable/RGBpong/RGBpong.vhd Line: 42
Info (12021): Found 2 design units, including 1 entities, in source file /users/pazos/documents/vida universitaria/irsd carrera tec/4 semestre/diseno con logica programable/masuno10b/masuno10b.vhd
    Info (12022): Found design unit 1: MasUno10b-ARC File: C:/Users/pazos/Documents/Vida Universitaria/IRSD Carrera Tec/4 semestre/Diseno con logica programable/MasUno10b/MasUno10b.vhd Line: 43
    Info (12023): Found entity 1: MasUno10b File: C:/Users/pazos/Documents/Vida Universitaria/IRSD Carrera Tec/4 semestre/Diseno con logica programable/MasUno10b/MasUno10b.vhd Line: 35
Info (12021): Found 2 design units, including 1 entities, in source file /users/pazos/documents/vida universitaria/irsd carrera tec/4 semestre/diseno con logica programable/halfadder/halfadder.vhd
    Info (12022): Found design unit 1: HalfAdder-ARC File: C:/Users/pazos/Documents/Vida Universitaria/IRSD Carrera Tec/4 semestre/Diseno con logica programable/HalfAdder/HalfAdder.vhd Line: 37
    Info (12023): Found entity 1: HalfAdder File: C:/Users/pazos/Documents/Vida Universitaria/IRSD Carrera Tec/4 semestre/Diseno con logica programable/HalfAdder/HalfAdder.vhd Line: 32
Info (12021): Found 2 design units, including 1 entities, in source file /users/pazos/documents/vida universitaria/irsd carrera tec/4 semestre/diseno con logica programable/flipflopjk/flipflopjk.vhd
    Info (12022): Found design unit 1: FlipFlopJK-ARC File: C:/Users/pazos/Documents/Vida Universitaria/IRSD Carrera Tec/4 semestre/Diseno con logica programable/FlipFlopJK/FlipFlopJK.vhd Line: 43
    Info (12023): Found entity 1: FlipFlopJK File: C:/Users/pazos/Documents/Vida Universitaria/IRSD Carrera Tec/4 semestre/Diseno con logica programable/FlipFlopJK/FlipFlopJK.vhd Line: 36
Info (12021): Found 2 design units, including 1 entities, in source file /users/pazos/documents/vida universitaria/irsd carrera tec/4 semestre/diseno con logica programable/divisorfrecuenciapormitad/divisorfrecuenciapormitad.vhd
    Info (12022): Found design unit 1: DivisorFrecuenciaPorMitad-ARC File: C:/Users/pazos/Documents/Vida Universitaria/IRSD Carrera Tec/4 semestre/Diseno con logica programable/DivisorFrecuenciaPorMitad/DivisorFrecuenciaPorMitad.vhd Line: 42
    Info (12023): Found entity 1: DivisorFrecuenciaPorMitad File: C:/Users/pazos/Documents/Vida Universitaria/IRSD Carrera Tec/4 semestre/Diseno con logica programable/DivisorFrecuenciaPorMitad/DivisorFrecuenciaPorMitad.vhd Line: 35
Info (12021): Found 2 design units, including 1 entities, in source file /users/pazos/documents/vida universitaria/irsd carrera tec/4 semestre/diseno con logica programable/contadormod800/contadormod800.vhd
    Info (12022): Found design unit 1: ContadorMod800-ARC File: C:/Users/pazos/Documents/Vida Universitaria/IRSD Carrera Tec/4 semestre/Diseno con logica programable/ContadorMod800/ContadorMod800.vhd Line: 46
    Info (12023): Found entity 1: ContadorMod800 File: C:/Users/pazos/Documents/Vida Universitaria/IRSD Carrera Tec/4 semestre/Diseno con logica programable/ContadorMod800/ContadorMod800.vhd Line: 38
Info (12021): Found 2 design units, including 1 entities, in source file /users/pazos/documents/vida universitaria/irsd carrera tec/4 semestre/diseno con logica programable/contadormod525/contadormod525.vhd
    Info (12022): Found design unit 1: ContadorMod525-ARC File: C:/Users/pazos/Documents/Vida Universitaria/IRSD Carrera Tec/4 semestre/Diseno con logica programable/ContadorMod525/ContadorMod525.vhd Line: 45
    Info (12023): Found entity 1: ContadorMod525 File: C:/Users/pazos/Documents/Vida Universitaria/IRSD Carrera Tec/4 semestre/Diseno con logica programable/ContadorMod525/ContadorMod525.vhd Line: 37
Info (12021): Found 2 design units, including 1 entities, in source file /users/pazos/documents/vida universitaria/irsd carrera tec/4 semestre/diseno con logica programable/contador10b/contador10b.vhd
    Info (12022): Found design unit 1: Contador10b-ARC File: C:/Users/pazos/Documents/Vida Universitaria/IRSD Carrera Tec/4 semestre/Diseno con logica programable/Contador10b/Contador10b.vhd Line: 45
    Info (12023): Found entity 1: Contador10b File: C:/Users/pazos/Documents/Vida Universitaria/IRSD Carrera Tec/4 semestre/Diseno con logica programable/Contador10b/Contador10b.vhd Line: 37
Info (12021): Found 2 design units, including 1 entities, in source file pong.vhd
    Info (12022): Found design unit 1: Pong-ARC File: C:/Users/pazos/Documents/Vida Universitaria/IRSD Carrera Tec/4 semestre/Diseno con logica programable/Pong/Pong.vhd Line: 61
    Info (12023): Found entity 1: Pong File: C:/Users/pazos/Documents/Vida Universitaria/IRSD Carrera Tec/4 semestre/Diseno con logica programable/Pong/Pong.vhd Line: 50
Info (12127): Elaborating entity "Pong" for the top level hierarchy
Info (12128): Elaborating entity "DivisorFrecuenciaPorMitad" for hierarchy "DivisorFrecuenciaPorMitad:Freq" File: C:/Users/pazos/Documents/Vida Universitaria/IRSD Carrera Tec/4 semestre/Diseno con logica programable/Pong/Pong.vhd Line: 85
Warning (10036): Verilog HDL or VHDL warning at DivisorFrecuenciaPorMitad.vhd(51): object "NOT_Q" assigned a value but never read File: C:/Users/pazos/Documents/Vida Universitaria/IRSD Carrera Tec/4 semestre/Diseno con logica programable/DivisorFrecuenciaPorMitad/DivisorFrecuenciaPorMitad.vhd Line: 51
Info (12128): Elaborating entity "FlipFlopJK" for hierarchy "DivisorFrecuenciaPorMitad:Freq|FlipFlopJK:FF0" File: C:/Users/pazos/Documents/Vida Universitaria/IRSD Carrera Tec/4 semestre/Diseno con logica programable/DivisorFrecuenciaPorMitad/DivisorFrecuenciaPorMitad.vhd Line: 57
Info (12128): Elaborating entity "RGBpong" for hierarchy "RGBpong:RGBs" File: C:/Users/pazos/Documents/Vida Universitaria/IRSD Carrera Tec/4 semestre/Diseno con logica programable/Pong/Pong.vhd Line: 86
Info (12128): Elaborating entity "SyncVGA800x525" for hierarchy "RGBpong:RGBs|SyncVGA800x525:SYNC" File: C:/Users/pazos/Documents/Vida Universitaria/IRSD Carrera Tec/4 semestre/Diseno con logica programable/RGBpong/RGBpong.vhd Line: 112
Warning (10036): Verilog HDL or VHDL warning at SyncVGA800x525.vhd(75): object "C" assigned a value but never read File: C:/Users/pazos/Documents/Vida Universitaria/IRSD Carrera Tec/4 semestre/Diseno con logica programable/SyncVGA800x525/SyncVGA800x525.vhd Line: 75
Info (12128): Elaborating entity "ContadorMod800" for hierarchy "RGBpong:RGBs|SyncVGA800x525:SYNC|ContadorMod800:I0" File: C:/Users/pazos/Documents/Vida Universitaria/IRSD Carrera Tec/4 semestre/Diseno con logica programable/SyncVGA800x525/SyncVGA800x525.vhd Line: 83
Warning (10036): Verilog HDL or VHDL warning at ContadorMod800.vhd(58): object "CarryOut" assigned a value but never read File: C:/Users/pazos/Documents/Vida Universitaria/IRSD Carrera Tec/4 semestre/Diseno con logica programable/ContadorMod800/ContadorMod800.vhd Line: 58
Info (12128): Elaborating entity "Contador10b" for hierarchy "RGBpong:RGBs|SyncVGA800x525:SYNC|ContadorMod800:I0|Contador10b:I0" File: C:/Users/pazos/Documents/Vida Universitaria/IRSD Carrera Tec/4 semestre/Diseno con logica programable/ContadorMod800/ContadorMod800.vhd Line: 64
Info (12128): Elaborating entity "MasUno10b" for hierarchy "RGBpong:RGBs|SyncVGA800x525:SYNC|ContadorMod800:I0|Contador10b:I0|MasUno10b:I0" File: C:/Users/pazos/Documents/Vida Universitaria/IRSD Carrera Tec/4 semestre/Diseno con logica programable/Contador10b/Contador10b.vhd Line: 61
Info (12128): Elaborating entity "HalfAdder" for hierarchy "RGBpong:RGBs|SyncVGA800x525:SYNC|ContadorMod800:I0|Contador10b:I0|MasUno10b:I0|HalfAdder:I0" File: C:/Users/pazos/Documents/Vida Universitaria/IRSD Carrera Tec/4 semestre/Diseno con logica programable/MasUno10b/MasUno10b.vhd Line: 59
Info (12128): Elaborating entity "ContadorMod525" for hierarchy "RGBpong:RGBs|SyncVGA800x525:SYNC|ContadorMod525:I1" File: C:/Users/pazos/Documents/Vida Universitaria/IRSD Carrera Tec/4 semestre/Diseno con logica programable/SyncVGA800x525/SyncVGA800x525.vhd Line: 84
Info (13000): Registers with preset signals will power-up high
Info (13003): DEV_CLRn pin will set, and not reset, register with preset signal due to NOT Gate Push-Back
Info (286030): Timing-Driven Synthesis is running
Critical Warning (18061): Ignored Power-Up Level option on the following registers
    Critical Warning (18010): Register RGBpong:RGBs|\GAME:RIGHT_PADDLE_Y[8] will power up to Low
    Critical Warning (18010): Register RGBpong:RGBs|\GAME:RIGHT_PADDLE_Y[6] will power up to High
    Critical Warning (18010): Register RGBpong:RGBs|\GAME:RIGHT_PADDLE_Y[5] will power up to High
    Critical Warning (18010): Register RGBpong:RGBs|\GAME:RIGHT_PADDLE_Y[3] will power up to High
    Critical Warning (18010): Register RGBpong:RGBs|\GAME:RIGHT_PADDLE_Y[1] will power up to High
    Critical Warning (18010): Register RGBpong:RGBs|\GAME:LEFT_PADDLE_Y[7] will power up to High
    Critical Warning (18010): Register RGBpong:RGBs|\GAME:LEFT_PADDLE_Y[4] will power up to High
    Critical Warning (18010): Register RGBpong:RGBs|\GAME:LEFT_PADDLE_Y[2] will power up to Low
Info (16010): Generating hard_block partition "hard_block:auto_generated_inst"
    Info (16011): Adding 0 node(s), including 0 DDIO, 0 PLL, 0 transceiver and 0 LCELL
Info (21057): Implemented 855 device resources after synthesis - the final resource count might be different
    Info (21058): Implemented 10 input pins
    Info (21059): Implemented 14 output pins
    Info (21061): Implemented 831 logic cells
Info: Quartus Prime Analysis & Synthesis was successful. 0 errors, 13 warnings
    Info: Peak virtual memory: 4789 megabytes
    Info: Processing ended: Wed Mar 10 14:09:41 2021
    Info: Elapsed time: 00:00:15
    Info: Total CPU time (on all processors): 00:00:30


