Flow report for DivisorFrecuenciaPorMitad
Fri Mar 12 04:11:45 2021
Quartus Prime Version 18.1.0 Build 625 09/12/2018 SJ Lite Edition


---------------------
; Table of Contents ;
---------------------
  1. Legal Notice
  2. Flow Summary
  3. Flow Settings
  4. Flow Non-Default Global Settings
  5. Flow Elapsed Time
  6. Flow OS Summary
  7. Flow Log
  8. Flow Messages
  9. Flow Suppressed Messages



----------------
; Legal Notice ;
----------------
Copyright (C) 2018  Intel Corporation. All rights reserved.
Your use of Intel Corporation's design tools, logic functions 
and other software and tools, and its AMPP partner logic 
functions, and any output files from any of the foregoing 
(including device programming or simulation files), and any 
associated documentation or information are expressly subject 
to the terms and conditions of the Intel Program License 
Subscription Agreement, the Intel Quartus Prime License Agreement,
the Intel FPGA IP License Agreement, or other applicable license
agreement, including, without limitation, that your use is for
the sole purpose of programming logic devices manufactured by
Intel and sold by Intel or its authorized distributors.  Please
refer to the applicable agreement for further details.



+----------------------------------------------------------------------------------+
; Flow Summary                                                                     ;
+------------------------------------+---------------------------------------------+
; Flow Status                        ; Successful - Fri Mar 12 04:11:45 2021       ;
; Quartus Prime Version              ; 18.1.0 Build 625 09/12/2018 SJ Lite Edition ;
; Revision Name                      ; DivisorFrecuenciaPorMitad                   ;
; Top-level Entity Name              ; DivisorFrecuenciaPorMitad                   ;
; Family                             ; MAX 10                                      ;
; Device                             ; 10M50DAF484C6GES                            ;
; Timing Models                      ; Preliminary                                 ;
; Total logic elements               ; 2 / 49,760 ( < 1 % )                        ;
;     Total combinational functions  ; 2 / 49,760 ( < 1 % )                        ;
;     Dedicated logic registers      ; 1 / 49,760 ( < 1 % )                        ;
; Total registers                    ; 1                                           ;
; Total pins                         ; 3 / 360 ( < 1 % )                           ;
; Total virtual pins                 ; 0                                           ;
; Total memory bits                  ; 0 / 1,677,312 ( 0 % )                       ;
; Embedded Multiplier 9-bit elements ; 0 / 288 ( 0 % )                             ;
; Total PLLs                         ; 0 / 4 ( 0 % )                               ;
; UFM blocks                         ; 0 / 1 ( 0 % )                               ;
; ADC blocks                         ; 0 / 2 ( 0 % )                               ;
+------------------------------------+---------------------------------------------+


+-----------------------------------------------+
; Flow Settings                                 ;
+-------------------+---------------------------+
; Option            ; Setting                   ;
+-------------------+---------------------------+
; Start date & time ; 03/03/2021 18:56:30       ;
; Main task         ; Compilation               ;
; Revision Name     ; DivisorFrecuenciaPorMitad ;
+-------------------+---------------------------+


+-------------------------------------------------------------------------------------------------------------------------+
; Flow Non-Default Global Settings                                                                                        ;
+-------------------------------------+----------------------------------------+---------------+-------------+------------+
; Assignment Name                     ; Value                                  ; Default Value ; Entity Name ; Section Id ;
+-------------------------------------+----------------------------------------+---------------+-------------+------------+
; COMPILER_SIGNATURE_ID               ; 193569108324679.161481939006632        ; --            ; --          ; --         ;
; MAX_CORE_JUNCTION_TEMP              ; 85                                     ; --            ; --          ; --         ;
; MIN_CORE_JUNCTION_TEMP              ; 0                                      ; --            ; --          ; --         ;
; PARTITION_COLOR                     ; -- (Not supported for targeted family) ; --            ; --          ; Top        ;
; PARTITION_FITTER_PRESERVATION_LEVEL ; -- (Not supported for targeted family) ; --            ; --          ; Top        ;
; PARTITION_NETLIST_TYPE              ; -- (Not supported for targeted family) ; --            ; --          ; Top        ;
; PROJECT_OUTPUT_DIRECTORY            ; output_files                           ; --            ; --          ; --         ;
+-------------------------------------+----------------------------------------+---------------+-------------+------------+


+--------------------------------------------------------------------------------------------------------------------------+
; Flow Elapsed Time                                                                                                        ;
+----------------------+--------------+-------------------------+---------------------+------------------------------------+
; Module Name          ; Elapsed Time ; Average Processors Used ; Peak Virtual Memory ; Total CPU Time (on all processors) ;
+----------------------+--------------+-------------------------+---------------------+------------------------------------+
; Analysis & Synthesis ; 00:00:13     ; 1.0                     ; 4784 MB             ; 00:00:26                           ;
; Fitter               ; 00:00:11     ; 1.0                     ; 5629 MB             ; 00:00:14                           ;
; Assembler            ; 00:00:04     ; 1.0                     ; 4678 MB             ; 00:00:04                           ;
; Timing Analyzer      ; 00:00:04     ; 1.0                     ; 4808 MB             ; 00:00:05                           ;
; EDA Netlist Writer   ; 00:00:01     ; 1.0                     ; 4622 MB             ; 00:00:01                           ;
; EDA Netlist Writer   ; 00:00:01     ; 1.0                     ; 4632 MB             ; 00:00:01                           ;
; EDA Netlist Writer   ; 00:00:01     ; 1.0                     ; 4624 MB             ; 00:00:01                           ;
; EDA Netlist Writer   ; 00:00:01     ; 1.0                     ; 4631 MB             ; 00:00:01                           ;
; EDA Netlist Writer   ; 00:00:01     ; 1.0                     ; 4624 MB             ; 00:00:01                           ;
; EDA Netlist Writer   ; 00:00:01     ; 1.0                     ; 4632 MB             ; 00:00:01                           ;
; Total                ; 00:00:38     ; --                      ; --                  ; 00:00:55                           ;
+----------------------+--------------+-------------------------+---------------------+------------------------------------+


+------------------------------------------------------------------------------------+
; Flow OS Summary                                                                    ;
+----------------------+------------------+------------+------------+----------------+
; Module Name          ; Machine Hostname ; OS Name    ; OS Version ; Processor type ;
+----------------------+------------------+------------+------------+----------------+
; Analysis & Synthesis ; LAPTOP-QQ29E1B4  ; Windows 10 ; 10.0       ; x86_64         ;
; Fitter               ; LAPTOP-QQ29E1B4  ; Windows 10 ; 10.0       ; x86_64         ;
; Assembler            ; LAPTOP-QQ29E1B4  ; Windows 10 ; 10.0       ; x86_64         ;
; Timing Analyzer      ; LAPTOP-QQ29E1B4  ; Windows 10 ; 10.0       ; x86_64         ;
; EDA Netlist Writer   ; LAPTOP-QQ29E1B4  ; Windows 10 ; 10.0       ; x86_64         ;
; EDA Netlist Writer   ; LAPTOP-QQ29E1B4  ; Windows 10 ; 10.0       ; x86_64         ;
; EDA Netlist Writer   ; LAPTOP-QQ29E1B4  ; Windows 10 ; 10.0       ; x86_64         ;
; EDA Netlist Writer   ; LAPTOP-QQ29E1B4  ; Windows 10 ; 10.0       ; x86_64         ;
; EDA Netlist Writer   ; LAPTOP-QQ29E1B4  ; Windows 10 ; 10.0       ; x86_64         ;
; EDA Netlist Writer   ; LAPTOP-QQ29E1B4  ; Windows 10 ; 10.0       ; x86_64         ;
+----------------------+------------------+------------+------------+----------------+


------------
; Flow Log ;
------------
quartus_map --read_settings_files=on --write_settings_files=off DivisorFrecuenciaPorMitad -c DivisorFrecuenciaPorMitad
quartus_fit --read_settings_files=off --write_settings_files=off DivisorFrecuenciaPorMitad -c DivisorFrecuenciaPorMitad
quartus_asm --read_settings_files=off --write_settings_files=off DivisorFrecuenciaPorMitad -c DivisorFrecuenciaPorMitad
quartus_sta DivisorFrecuenciaPorMitad -c DivisorFrecuenciaPorMitad
quartus_eda --gen_testbench --tool=modelsim_oem --format=vhdl --write_settings_files=off DivisorFrecuenciaPorMitad -c DivisorFrecuenciaPorMitad --vector_source="C:/Users/pazos/Documents/Vida Universitaria/IRSD Carrera Tec/4 semestre/Diseno con logica programable/DivisorFrecuenciaPorMitad/DivisorFrecuenciaPorMitad.vwf" --testbench_file="C:/Users/pazos/Documents/Vida Universitaria/IRSD Carrera Tec/4 semestre/Diseno con logica programable/DivisorFrecuenciaPorMitad/simulation/qsim/DivisorFrecuenciaPorMitad.vwf.vht"
quartus_eda --write_settings_files=off --simulation=on --functional=on --flatten_buses=off --tool=modelsim_oem --format=vhdl --output_directory="C:/Users/pazos/Documents/Vida Universitaria/IRSD Carrera Tec/4 semestre/Diseno con logica programable/DivisorFrecuenciaPorMitad/simulation/qsim/" DivisorFrecuenciaPorMitad -c DivisorFrecuenciaPorMitad
quartus_eda --gen_testbench --tool=modelsim_oem --format=vhdl --write_settings_files=off DivisorFrecuenciaPorMitad -c DivisorFrecuenciaPorMitad --vector_source="C:/Users/pazos/Documents/Vida Universitaria/IRSD Carrera Tec/4 semestre/Diseno con logica programable/DivisorFrecuenciaPorMitad/DivisorFrecuenciaPorMitad.vwf" --testbench_file="C:/Users/pazos/Documents/Vida Universitaria/IRSD Carrera Tec/4 semestre/Diseno con logica programable/DivisorFrecuenciaPorMitad/simulation/qsim/DivisorFrecuenciaPorMitad.vwf.vht"
quartus_eda --write_settings_files=off --simulation=on --functional=on --flatten_buses=off --tool=modelsim_oem --format=vhdl --output_directory="C:/Users/pazos/Documents/Vida Universitaria/IRSD Carrera Tec/4 semestre/Diseno con logica programable/DivisorFrecuenciaPorMitad/simulation/qsim/" DivisorFrecuenciaPorMitad -c DivisorFrecuenciaPorMitad
quartus_eda --gen_testbench --tool=modelsim_oem --format=vhdl --write_settings_files=off DivisorFrecuenciaPorMitad -c DivisorFrecuenciaPorMitad --vector_source="C:/Users/pazos/Documents/Vida Universitaria/IRSD Carrera Tec/4 semestre/Diseno con logica programable/DivisorFrecuenciaPorMitad/DivisorFrecuenciaPorMitad.vwf" --testbench_file="C:/Users/pazos/Documents/Vida Universitaria/IRSD Carrera Tec/4 semestre/Diseno con logica programable/DivisorFrecuenciaPorMitad/simulation/qsim/DivisorFrecuenciaPorMitad.vwf.vht"
quartus_eda --write_settings_files=off --simulation=on --functional=on --flatten_buses=off --tool=modelsim_oem --format=vhdl --output_directory="C:/Users/pazos/Documents/Vida Universitaria/IRSD Carrera Tec/4 semestre/Diseno con logica programable/DivisorFrecuenciaPorMitad/simulation/qsim/" DivisorFrecuenciaPorMitad -c DivisorFrecuenciaPorMitad



